The system is: Darwin - 17.7.0 - x86_64
Compiling the C compiler identification source file "CMakeCCompilerId.c" succeeded.
Compiler: /Library/Developer/CommandLineTools/usr/bin/cc 
Build flags: 
Id flags: 

The output was:
0


Compilation of the C compiler identification source "CMakeCCompilerId.c" produced "a.out"

The C compiler identification is AppleClang, found in "/Users/Arthur18/Documents/UGR-GII/4toCurso/TFG-AdvancedMetaheuristicsForBigOpt/UGR-GII-TFG/Algorithms-ELSGO/MOS_CEC2013/src/problems/soco2010/CMakeFiles/3.5.2/CompilerIdC/a.out"

Compiling the CXX compiler identification source file "CMakeCXXCompilerId.cpp" succeeded.
Compiler: /Library/Developer/CommandLineTools/usr/bin/c++ 
Build flags: 
Id flags: 

The output was:
0


Compilation of the CXX compiler identification source "CMakeCXXCompilerId.cpp" produced "a.out"

The CXX compiler identification is AppleClang, found in "/Users/Arthur18/Documents/UGR-GII/4toCurso/TFG-AdvancedMetaheuristicsForBigOpt/UGR-GII-TFG/Algorithms-ELSGO/MOS_CEC2013/src/problems/soco2010/CMakeFiles/3.5.2/CompilerIdCXX/a.out"

Determining if the C compiler works passed with the following output:
Change Dir: /Users/Arthur18/Documents/UGR-GII/4toCurso/TFG-AdvancedMetaheuristicsForBigOpt/UGR-GII-TFG/Algorithms-ELSGO/MOS_CEC2013/src/problems/soco2010/CMakeFiles/CMakeTmp

Run Build Command:"/usr/bin/make" "cmTC_f4dc0/fast"
/Library/Developer/CommandLineTools/usr/bin/make -f CMakeFiles/cmTC_f4dc0.dir/build.make CMakeFiles/cmTC_f4dc0.dir/build
Building C object CMakeFiles/cmTC_f4dc0.dir/testCCompiler.c.o
/Library/Developer/CommandLineTools/usr/bin/cc     -o CMakeFiles/cmTC_f4dc0.dir/testCCompiler.c.o   -c /Users/Arthur18/Documents/UGR-GII/4toCurso/TFG-AdvancedMetaheuristicsForBigOpt/UGR-GII-TFG/Algorithms-ELSGO/MOS_CEC2013/src/problems/soco2010/CMakeFiles/CMakeTmp/testCCompiler.c
Linking C executable cmTC_f4dc0
/opt/local/bin/cmake -E cmake_link_script CMakeFiles/cmTC_f4dc0.dir/link.txt --verbose=1
/Library/Developer/CommandLineTools/usr/bin/cc    -Wl,-search_paths_first -Wl,-headerpad_max_install_names   CMakeFiles/cmTC_f4dc0.dir/testCCompiler.c.o  -o cmTC_f4dc0  


Detecting C compiler ABI info compiled with the following output:
Change Dir: /Users/Arthur18/Documents/UGR-GII/4toCurso/TFG-AdvancedMetaheuristicsForBigOpt/UGR-GII-TFG/Algorithms-ELSGO/MOS_CEC2013/src/problems/soco2010/CMakeFiles/CMakeTmp

Run Build Command:"/usr/bin/make" "cmTC_0fd36/fast"
/Library/Developer/CommandLineTools/usr/bin/make -f CMakeFiles/cmTC_0fd36.dir/build.make CMakeFiles/cmTC_0fd36.dir/build
Building C object CMakeFiles/cmTC_0fd36.dir/CMakeCCompilerABI.c.o
/Library/Developer/CommandLineTools/usr/bin/cc     -o CMakeFiles/cmTC_0fd36.dir/CMakeCCompilerABI.c.o   -c /opt/local/share/cmake-3.5/Modules/CMakeCCompilerABI.c
Linking C executable cmTC_0fd36
/opt/local/bin/cmake -E cmake_link_script CMakeFiles/cmTC_0fd36.dir/link.txt --verbose=1
/Library/Developer/CommandLineTools/usr/bin/cc    -Wl,-search_paths_first -Wl,-headerpad_max_install_names  -v -Wl,-v CMakeFiles/cmTC_0fd36.dir/CMakeCCompilerABI.c.o  -o cmTC_0fd36   
Apple LLVM version 10.0.0 (clang-1000.10.25.5)
Target: x86_64-apple-darwin17.7.0
Thread model: posix
InstalledDir: /Library/Developer/CommandLineTools/usr/bin
 "/Library/Developer/CommandLineTools/usr/bin/ld" -demangle -lto_library /Library/Developer/CommandLineTools/usr/lib/libLTO.dylib -dynamic -arch x86_64 -macosx_version_min 10.13.0 -o cmTC_0fd36 -search_paths_first -headerpad_max_install_names -v CMakeFiles/cmTC_0fd36.dir/CMakeCCompilerABI.c.o -lSystem /Library/Developer/CommandLineTools/usr/lib/clang/10.0.0/lib/darwin/libclang_rt.osx.a
@(#)PROGRAM:ld  PROJECT:ld64-408.1.1
BUILD 05:18:43 May 25 2018
configured to support archs: armv6 armv7 armv7s arm64 i386 x86_64 x86_64h armv6m armv7k armv7m armv7em
Library search paths:
	/usr/lib
	/usr/local/lib
Framework search paths:
	/Library/Frameworks/
	/System/Library/Frameworks/


Parsed C implicit link information from above output:
  link line regex: [^( *|.*[/\])(ld|([^/\]+-)?ld|collect2)[^/\]*( |$)]
  ignore line: [Change Dir: /Users/Arthur18/Documents/UGR-GII/4toCurso/TFG-AdvancedMetaheuristicsForBigOpt/UGR-GII-TFG/Algorithms-ELSGO/MOS_CEC2013/src/problems/soco2010/CMakeFiles/CMakeTmp]
  ignore line: []
  ignore line: [Run Build Command:"/usr/bin/make" "cmTC_0fd36/fast"]
  ignore line: [/Library/Developer/CommandLineTools/usr/bin/make -f CMakeFiles/cmTC_0fd36.dir/build.make CMakeFiles/cmTC_0fd36.dir/build]
  ignore line: [Building C object CMakeFiles/cmTC_0fd36.dir/CMakeCCompilerABI.c.o]
  ignore line: [/Library/Developer/CommandLineTools/usr/bin/cc     -o CMakeFiles/cmTC_0fd36.dir/CMakeCCompilerABI.c.o   -c /opt/local/share/cmake-3.5/Modules/CMakeCCompilerABI.c]
  ignore line: [Linking C executable cmTC_0fd36]
  ignore line: [/opt/local/bin/cmake -E cmake_link_script CMakeFiles/cmTC_0fd36.dir/link.txt --verbose=1]
  ignore line: [/Library/Developer/CommandLineTools/usr/bin/cc    -Wl,-search_paths_first -Wl,-headerpad_max_install_names  -v -Wl,-v CMakeFiles/cmTC_0fd36.dir/CMakeCCompilerABI.c.o  -o cmTC_0fd36   ]
  ignore line: [Apple LLVM version 10.0.0 (clang-1000.10.25.5)]
  ignore line: [Target: x86_64-apple-darwin17.7.0]
  ignore line: [Thread model: posix]
  ignore line: [InstalledDir: /Library/Developer/CommandLineTools/usr/bin]
  link line: [ "/Library/Developer/CommandLineTools/usr/bin/ld" -demangle -lto_library /Library/Developer/CommandLineTools/usr/lib/libLTO.dylib -dynamic -arch x86_64 -macosx_version_min 10.13.0 -o cmTC_0fd36 -search_paths_first -headerpad_max_install_names -v CMakeFiles/cmTC_0fd36.dir/CMakeCCompilerABI.c.o -lSystem /Library/Developer/CommandLineTools/usr/lib/clang/10.0.0/lib/darwin/libclang_rt.osx.a]
    arg [/Library/Developer/CommandLineTools/usr/bin/ld] ==> ignore
    arg [-demangle] ==> ignore
    arg [-lto_library] ==> lib [to_library]
    arg [/Library/Developer/CommandLineTools/usr/lib/libLTO.dylib] ==> ignore
    arg [-dynamic] ==> ignore
    arg [-arch] ==> ignore
    arg [x86_64] ==> ignore
    arg [-macosx_version_min] ==> ignore
    arg [10.13.0] ==> ignore
    arg [-o] ==> ignore
    arg [cmTC_0fd36] ==> ignore
    arg [-search_paths_first] ==> ignore
    arg [-headerpad_max_install_names] ==> ignore
    arg [-v] ==> ignore
    arg [CMakeFiles/cmTC_0fd36.dir/CMakeCCompilerABI.c.o] ==> ignore
    arg [-lSystem] ==> lib [System]
    arg [/Library/Developer/CommandLineTools/usr/lib/clang/10.0.0/lib/darwin/libclang_rt.osx.a] ==> lib [/Library/Developer/CommandLineTools/usr/lib/clang/10.0.0/lib/darwin/libclang_rt.osx.a]
  Library search paths: [;/usr/lib;/usr/local/lib]
  Framework search paths: [;/Library/Frameworks/;/System/Library/Frameworks/]
  remove lib [System]
  collapse library dir [/usr/lib] ==> [/usr/lib]
  collapse library dir [/usr/local/lib] ==> [/usr/local/lib]
  collapse framework dir [/Library/Frameworks/] ==> [/Library/Frameworks]
  collapse framework dir [/System/Library/Frameworks/] ==> [/System/Library/Frameworks]
  implicit libs: [to_library;/Library/Developer/CommandLineTools/usr/lib/clang/10.0.0/lib/darwin/libclang_rt.osx.a]
  implicit dirs: [/usr/lib;/usr/local/lib]
  implicit fwks: [/Library/Frameworks;/System/Library/Frameworks]




Detecting C [-std=c11] compiler features compiled with the following output:
Change Dir: /Users/Arthur18/Documents/UGR-GII/4toCurso/TFG-AdvancedMetaheuristicsForBigOpt/UGR-GII-TFG/Algorithms-ELSGO/MOS_CEC2013/src/problems/soco2010/CMakeFiles/CMakeTmp

Run Build Command:"/usr/bin/make" "cmTC_9c4b6/fast"
/Library/Developer/CommandLineTools/usr/bin/make -f CMakeFiles/cmTC_9c4b6.dir/build.make CMakeFiles/cmTC_9c4b6.dir/build
Building C object CMakeFiles/cmTC_9c4b6.dir/feature_tests.c.o
/Library/Developer/CommandLineTools/usr/bin/cc    -std=c11 -o CMakeFiles/cmTC_9c4b6.dir/feature_tests.c.o   -c /Users/Arthur18/Documents/UGR-GII/4toCurso/TFG-AdvancedMetaheuristicsForBigOpt/UGR-GII-TFG/Algorithms-ELSGO/MOS_CEC2013/src/problems/soco2010/CMakeFiles/feature_tests.c
Linking C executable cmTC_9c4b6
/opt/local/bin/cmake -E cmake_link_script CMakeFiles/cmTC_9c4b6.dir/link.txt --verbose=1
/Library/Developer/CommandLineTools/usr/bin/cc    -Wl,-search_paths_first -Wl,-headerpad_max_install_names   CMakeFiles/cmTC_9c4b6.dir/feature_tests.c.o  -o cmTC_9c4b6  


    Feature record: C_FEATURE:1c_function_prototypes
    Feature record: C_FEATURE:1c_restrict
    Feature record: C_FEATURE:1c_static_assert
    Feature record: C_FEATURE:1c_variadic_macros


Detecting C [-std=c99] compiler features compiled with the following output:
Change Dir: /Users/Arthur18/Documents/UGR-GII/4toCurso/TFG-AdvancedMetaheuristicsForBigOpt/UGR-GII-TFG/Algorithms-ELSGO/MOS_CEC2013/src/problems/soco2010/CMakeFiles/CMakeTmp

Run Build Command:"/usr/bin/make" "cmTC_b2834/fast"
/Library/Developer/CommandLineTools/usr/bin/make -f CMakeFiles/cmTC_b2834.dir/build.make CMakeFiles/cmTC_b2834.dir/build
Building C object CMakeFiles/cmTC_b2834.dir/feature_tests.c.o
/Library/Developer/CommandLineTools/usr/bin/cc    -std=c99 -o CMakeFiles/cmTC_b2834.dir/feature_tests.c.o   -c /Users/Arthur18/Documents/UGR-GII/4toCurso/TFG-AdvancedMetaheuristicsForBigOpt/UGR-GII-TFG/Algorithms-ELSGO/MOS_CEC2013/src/problems/soco2010/CMakeFiles/feature_tests.c
Linking C executable cmTC_b2834
/opt/local/bin/cmake -E cmake_link_script CMakeFiles/cmTC_b2834.dir/link.txt --verbose=1
/Library/Developer/CommandLineTools/usr/bin/cc    -Wl,-search_paths_first -Wl,-headerpad_max_install_names   CMakeFiles/cmTC_b2834.dir/feature_tests.c.o  -o cmTC_b2834  


    Feature record: C_FEATURE:1c_function_prototypes
    Feature record: C_FEATURE:1c_restrict
    Feature record: C_FEATURE:0c_static_assert
    Feature record: C_FEATURE:1c_variadic_macros


Detecting C [-std=c90] compiler features compiled with the following output:
Change Dir: /Users/Arthur18/Documents/UGR-GII/4toCurso/TFG-AdvancedMetaheuristicsForBigOpt/UGR-GII-TFG/Algorithms-ELSGO/MOS_CEC2013/src/problems/soco2010/CMakeFiles/CMakeTmp

Run Build Command:"/usr/bin/make" "cmTC_38936/fast"
/Library/Developer/CommandLineTools/usr/bin/make -f CMakeFiles/cmTC_38936.dir/build.make CMakeFiles/cmTC_38936.dir/build
Building C object CMakeFiles/cmTC_38936.dir/feature_tests.c.o
/Library/Developer/CommandLineTools/usr/bin/cc    -std=c90 -o CMakeFiles/cmTC_38936.dir/feature_tests.c.o   -c /Users/Arthur18/Documents/UGR-GII/4toCurso/TFG-AdvancedMetaheuristicsForBigOpt/UGR-GII-TFG/Algorithms-ELSGO/MOS_CEC2013/src/problems/soco2010/CMakeFiles/feature_tests.c
Linking C executable cmTC_38936
/opt/local/bin/cmake -E cmake_link_script CMakeFiles/cmTC_38936.dir/link.txt --verbose=1
/Library/Developer/CommandLineTools/usr/bin/cc    -Wl,-search_paths_first -Wl,-headerpad_max_install_names   CMakeFiles/cmTC_38936.dir/feature_tests.c.o  -o cmTC_38936  


    Feature record: C_FEATURE:1c_function_prototypes
    Feature record: C_FEATURE:0c_restrict
    Feature record: C_FEATURE:0c_static_assert
    Feature record: C_FEATURE:0c_variadic_macros
Determining if the CXX compiler works passed with the following output:
Change Dir: /Users/Arthur18/Documents/UGR-GII/4toCurso/TFG-AdvancedMetaheuristicsForBigOpt/UGR-GII-TFG/Algorithms-ELSGO/MOS_CEC2013/src/problems/soco2010/CMakeFiles/CMakeTmp

Run Build Command:"/usr/bin/make" "cmTC_2baf5/fast"
/Library/Developer/CommandLineTools/usr/bin/make -f CMakeFiles/cmTC_2baf5.dir/build.make CMakeFiles/cmTC_2baf5.dir/build
Building CXX object CMakeFiles/cmTC_2baf5.dir/testCXXCompiler.cxx.o
/Library/Developer/CommandLineTools/usr/bin/c++      -o CMakeFiles/cmTC_2baf5.dir/testCXXCompiler.cxx.o -c /Users/Arthur18/Documents/UGR-GII/4toCurso/TFG-AdvancedMetaheuristicsForBigOpt/UGR-GII-TFG/Algorithms-ELSGO/MOS_CEC2013/src/problems/soco2010/CMakeFiles/CMakeTmp/testCXXCompiler.cxx
Linking CXX executable cmTC_2baf5
/opt/local/bin/cmake -E cmake_link_script CMakeFiles/cmTC_2baf5.dir/link.txt --verbose=1
/Library/Developer/CommandLineTools/usr/bin/c++     -Wl,-search_paths_first -Wl,-headerpad_max_install_names   CMakeFiles/cmTC_2baf5.dir/testCXXCompiler.cxx.o  -o cmTC_2baf5  


Detecting CXX compiler ABI info compiled with the following output:
Change Dir: /Users/Arthur18/Documents/UGR-GII/4toCurso/TFG-AdvancedMetaheuristicsForBigOpt/UGR-GII-TFG/Algorithms-ELSGO/MOS_CEC2013/src/problems/soco2010/CMakeFiles/CMakeTmp

Run Build Command:"/usr/bin/make" "cmTC_7ac50/fast"
/Library/Developer/CommandLineTools/usr/bin/make -f CMakeFiles/cmTC_7ac50.dir/build.make CMakeFiles/cmTC_7ac50.dir/build
Building CXX object CMakeFiles/cmTC_7ac50.dir/CMakeCXXCompilerABI.cpp.o
/Library/Developer/CommandLineTools/usr/bin/c++      -o CMakeFiles/cmTC_7ac50.dir/CMakeCXXCompilerABI.cpp.o -c /opt/local/share/cmake-3.5/Modules/CMakeCXXCompilerABI.cpp
Linking CXX executable cmTC_7ac50
/opt/local/bin/cmake -E cmake_link_script CMakeFiles/cmTC_7ac50.dir/link.txt --verbose=1
/Library/Developer/CommandLineTools/usr/bin/c++     -Wl,-search_paths_first -Wl,-headerpad_max_install_names  -v -Wl,-v CMakeFiles/cmTC_7ac50.dir/CMakeCXXCompilerABI.cpp.o  -o cmTC_7ac50   
Apple LLVM version 10.0.0 (clang-1000.10.25.5)
Target: x86_64-apple-darwin17.7.0
Thread model: posix
InstalledDir: /Library/Developer/CommandLineTools/usr/bin
 "/Library/Developer/CommandLineTools/usr/bin/ld" -demangle -lto_library /Library/Developer/CommandLineTools/usr/lib/libLTO.dylib -dynamic -arch x86_64 -macosx_version_min 10.13.0 -o cmTC_7ac50 -search_paths_first -headerpad_max_install_names -v CMakeFiles/cmTC_7ac50.dir/CMakeCXXCompilerABI.cpp.o -lc++ -lSystem /Library/Developer/CommandLineTools/usr/lib/clang/10.0.0/lib/darwin/libclang_rt.osx.a
@(#)PROGRAM:ld  PROJECT:ld64-408.1.1
BUILD 05:18:43 May 25 2018
configured to support archs: armv6 armv7 armv7s arm64 i386 x86_64 x86_64h armv6m armv7k armv7m armv7em
Library search paths:
	/usr/lib
	/usr/local/lib
Framework search paths:
	/Library/Frameworks/
	/System/Library/Frameworks/


Parsed CXX implicit link information from above output:
  link line regex: [^( *|.*[/\])(ld|([^/\]+-)?ld|collect2)[^/\]*( |$)]
  ignore line: [Change Dir: /Users/Arthur18/Documents/UGR-GII/4toCurso/TFG-AdvancedMetaheuristicsForBigOpt/UGR-GII-TFG/Algorithms-ELSGO/MOS_CEC2013/src/problems/soco2010/CMakeFiles/CMakeTmp]
  ignore line: []
  ignore line: [Run Build Command:"/usr/bin/make" "cmTC_7ac50/fast"]
  ignore line: [/Library/Developer/CommandLineTools/usr/bin/make -f CMakeFiles/cmTC_7ac50.dir/build.make CMakeFiles/cmTC_7ac50.dir/build]
  ignore line: [Building CXX object CMakeFiles/cmTC_7ac50.dir/CMakeCXXCompilerABI.cpp.o]
  ignore line: [/Library/Developer/CommandLineTools/usr/bin/c++      -o CMakeFiles/cmTC_7ac50.dir/CMakeCXXCompilerABI.cpp.o -c /opt/local/share/cmake-3.5/Modules/CMakeCXXCompilerABI.cpp]
  ignore line: [Linking CXX executable cmTC_7ac50]
  ignore line: [/opt/local/bin/cmake -E cmake_link_script CMakeFiles/cmTC_7ac50.dir/link.txt --verbose=1]
  ignore line: [/Library/Developer/CommandLineTools/usr/bin/c++     -Wl,-search_paths_first -Wl,-headerpad_max_install_names  -v -Wl,-v CMakeFiles/cmTC_7ac50.dir/CMakeCXXCompilerABI.cpp.o  -o cmTC_7ac50   ]
  ignore line: [Apple LLVM version 10.0.0 (clang-1000.10.25.5)]
  ignore line: [Target: x86_64-apple-darwin17.7.0]
  ignore line: [Thread model: posix]
  ignore line: [InstalledDir: /Library/Developer/CommandLineTools/usr/bin]
  link line: [ "/Library/Developer/CommandLineTools/usr/bin/ld" -demangle -lto_library /Library/Developer/CommandLineTools/usr/lib/libLTO.dylib -dynamic -arch x86_64 -macosx_version_min 10.13.0 -o cmTC_7ac50 -search_paths_first -headerpad_max_install_names -v CMakeFiles/cmTC_7ac50.dir/CMakeCXXCompilerABI.cpp.o -lc++ -lSystem /Library/Developer/CommandLineTools/usr/lib/clang/10.0.0/lib/darwin/libclang_rt.osx.a]
    arg [/Library/Developer/CommandLineTools/usr/bin/ld] ==> ignore
    arg [-demangle] ==> ignore
    arg [-lto_library] ==> lib [to_library]
    arg [/Library/Developer/CommandLineTools/usr/lib/libLTO.dylib] ==> ignore
    arg [-dynamic] ==> ignore
    arg [-arch] ==> ignore
    arg [x86_64] ==> ignore
    arg [-macosx_version_min] ==> ignore
    arg [10.13.0] ==> ignore
    arg [-o] ==> ignore
    arg [cmTC_7ac50] ==> ignore
    arg [-search_paths_first] ==> ignore
    arg [-headerpad_max_install_names] ==> ignore
    arg [-v] ==> ignore
    arg [CMakeFiles/cmTC_7ac50.dir/CMakeCXXCompilerABI.cpp.o] ==> ignore
    arg [-lc++] ==> lib [c++]
    arg [-lSystem] ==> lib [System]
    arg [/Library/Developer/CommandLineTools/usr/lib/clang/10.0.0/lib/darwin/libclang_rt.osx.a] ==> lib [/Library/Developer/CommandLineTools/usr/lib/clang/10.0.0/lib/darwin/libclang_rt.osx.a]
  Library search paths: [;/usr/lib;/usr/local/lib]
  Framework search paths: [;/Library/Frameworks/;/System/Library/Frameworks/]
  remove lib [System]
  collapse library dir [/usr/lib] ==> [/usr/lib]
  collapse library dir [/usr/local/lib] ==> [/usr/local/lib]
  collapse framework dir [/Library/Frameworks/] ==> [/Library/Frameworks]
  collapse framework dir [/System/Library/Frameworks/] ==> [/System/Library/Frameworks]
  implicit libs: [to_library;c++;/Library/Developer/CommandLineTools/usr/lib/clang/10.0.0/lib/darwin/libclang_rt.osx.a]
  implicit dirs: [/usr/lib;/usr/local/lib]
  implicit fwks: [/Library/Frameworks;/System/Library/Frameworks]




Detecting CXX [-std=c++14] compiler features compiled with the following output:
Change Dir: /Users/Arthur18/Documents/UGR-GII/4toCurso/TFG-AdvancedMetaheuristicsForBigOpt/UGR-GII-TFG/Algorithms-ELSGO/MOS_CEC2013/src/problems/soco2010/CMakeFiles/CMakeTmp

Run Build Command:"/usr/bin/make" "cmTC_7c2d5/fast"
/Library/Developer/CommandLineTools/usr/bin/make -f CMakeFiles/cmTC_7c2d5.dir/build.make CMakeFiles/cmTC_7c2d5.dir/build
Building CXX object CMakeFiles/cmTC_7c2d5.dir/feature_tests.cxx.o
/Library/Developer/CommandLineTools/usr/bin/c++     -std=c++14 -o CMakeFiles/cmTC_7c2d5.dir/feature_tests.cxx.o -c /Users/Arthur18/Documents/UGR-GII/4toCurso/TFG-AdvancedMetaheuristicsForBigOpt/UGR-GII-TFG/Algorithms-ELSGO/MOS_CEC2013/src/problems/soco2010/CMakeFiles/feature_tests.cxx
Linking CXX executable cmTC_7c2d5
/opt/local/bin/cmake -E cmake_link_script CMakeFiles/cmTC_7c2d5.dir/link.txt --verbose=1
/Library/Developer/CommandLineTools/usr/bin/c++     -Wl,-search_paths_first -Wl,-headerpad_max_install_names   CMakeFiles/cmTC_7c2d5.dir/feature_tests.cxx.o  -o cmTC_7c2d5  


    Feature record: CXX_FEATURE:1cxx_aggregate_default_initializers
    Feature record: CXX_FEATURE:1cxx_alias_templates
    Feature record: CXX_FEATURE:1cxx_alignas
    Feature record: CXX_FEATURE:1cxx_alignof
    Feature record: CXX_FEATURE:1cxx_attributes
    Feature record: CXX_FEATURE:1cxx_attribute_deprecated
    Feature record: CXX_FEATURE:1cxx_auto_type
    Feature record: CXX_FEATURE:1cxx_binary_literals
    Feature record: CXX_FEATURE:1cxx_constexpr
    Feature record: CXX_FEATURE:1cxx_contextual_conversions
    Feature record: CXX_FEATURE:1cxx_decltype
    Feature record: CXX_FEATURE:1cxx_decltype_auto
    Feature record: CXX_FEATURE:1cxx_decltype_incomplete_return_types
    Feature record: CXX_FEATURE:1cxx_default_function_template_args
    Feature record: CXX_FEATURE:1cxx_defaulted_functions
    Feature record: CXX_FEATURE:1cxx_defaulted_move_initializers
    Feature record: CXX_FEATURE:1cxx_delegating_constructors
    Feature record: CXX_FEATURE:1cxx_deleted_functions
    Feature record: CXX_FEATURE:1cxx_digit_separators
    Feature record: CXX_FEATURE:1cxx_enum_forward_declarations
    Feature record: CXX_FEATURE:1cxx_explicit_conversions
    Feature record: CXX_FEATURE:1cxx_extended_friend_declarations
    Feature record: CXX_FEATURE:1cxx_extern_templates
    Feature record: CXX_FEATURE:1cxx_final
    Feature record: CXX_FEATURE:1cxx_func_identifier
    Feature record: CXX_FEATURE:1cxx_generalized_initializers
    Feature record: CXX_FEATURE:1cxx_generic_lambdas
    Feature record: CXX_FEATURE:1cxx_inheriting_constructors
    Feature record: CXX_FEATURE:1cxx_inline_namespaces
    Feature record: CXX_FEATURE:1cxx_lambdas
    Feature record: CXX_FEATURE:1cxx_lambda_init_captures
    Feature record: CXX_FEATURE:1cxx_local_type_template_args
    Feature record: CXX_FEATURE:1cxx_long_long_type
    Feature record: CXX_FEATURE:1cxx_noexcept
    Feature record: CXX_FEATURE:1cxx_nonstatic_member_init
    Feature record: CXX_FEATURE:1cxx_nullptr
    Feature record: CXX_FEATURE:1cxx_override
    Feature record: CXX_FEATURE:1cxx_range_for
    Feature record: CXX_FEATURE:1cxx_raw_string_literals
    Feature record: CXX_FEATURE:1cxx_reference_qualified_functions
    Feature record: CXX_FEATURE:1cxx_relaxed_constexpr
    Feature record: CXX_FEATURE:1cxx_return_type_deduction
    Feature record: CXX_FEATURE:1cxx_right_angle_brackets
    Feature record: CXX_FEATURE:1cxx_rvalue_references
    Feature record: CXX_FEATURE:1cxx_sizeof_member
    Feature record: CXX_FEATURE:1cxx_static_assert
    Feature record: CXX_FEATURE:1cxx_strong_enums
    Feature record: CXX_FEATURE:1cxx_template_template_parameters
    Feature record: CXX_FEATURE:1cxx_thread_local
    Feature record: CXX_FEATURE:1cxx_trailing_return_types
    Feature record: CXX_FEATURE:1cxx_unicode_literals
    Feature record: CXX_FEATURE:1cxx_uniform_initialization
    Feature record: CXX_FEATURE:1cxx_unrestricted_unions
    Feature record: CXX_FEATURE:1cxx_user_literals
    Feature record: CXX_FEATURE:1cxx_variable_templates
    Feature record: CXX_FEATURE:1cxx_variadic_macros
    Feature record: CXX_FEATURE:1cxx_variadic_templates


Detecting CXX [-std=c++11] compiler features compiled with the following output:
Change Dir: /Users/Arthur18/Documents/UGR-GII/4toCurso/TFG-AdvancedMetaheuristicsForBigOpt/UGR-GII-TFG/Algorithms-ELSGO/MOS_CEC2013/src/problems/soco2010/CMakeFiles/CMakeTmp

Run Build Command:"/usr/bin/make" "cmTC_e8c93/fast"
/Library/Developer/CommandLineTools/usr/bin/make -f CMakeFiles/cmTC_e8c93.dir/build.make CMakeFiles/cmTC_e8c93.dir/build
Building CXX object CMakeFiles/cmTC_e8c93.dir/feature_tests.cxx.o
/Library/Developer/CommandLineTools/usr/bin/c++     -std=c++11 -o CMakeFiles/cmTC_e8c93.dir/feature_tests.cxx.o -c /Users/Arthur18/Documents/UGR-GII/4toCurso/TFG-AdvancedMetaheuristicsForBigOpt/UGR-GII-TFG/Algorithms-ELSGO/MOS_CEC2013/src/problems/soco2010/CMakeFiles/feature_tests.cxx
Linking CXX executable cmTC_e8c93
/opt/local/bin/cmake -E cmake_link_script CMakeFiles/cmTC_e8c93.dir/link.txt --verbose=1
/Library/Developer/CommandLineTools/usr/bin/c++     -Wl,-search_paths_first -Wl,-headerpad_max_install_names   CMakeFiles/cmTC_e8c93.dir/feature_tests.cxx.o  -o cmTC_e8c93  


    Feature record: CXX_FEATURE:0cxx_aggregate_default_initializers
    Feature record: CXX_FEATURE:1cxx_alias_templates
    Feature record: CXX_FEATURE:1cxx_alignas
    Feature record: CXX_FEATURE:1cxx_alignof
    Feature record: CXX_FEATURE:1cxx_attributes
    Feature record: CXX_FEATURE:0cxx_attribute_deprecated
    Feature record: CXX_FEATURE:1cxx_auto_type
    Feature record: CXX_FEATURE:0cxx_binary_literals
    Feature record: CXX_FEATURE:1cxx_constexpr
    Feature record: CXX_FEATURE:0cxx_contextual_conversions
    Feature record: CXX_FEATURE:1cxx_decltype
    Feature record: CXX_FEATURE:0cxx_decltype_auto
    Feature record: CXX_FEATURE:1cxx_decltype_incomplete_return_types
    Feature record: CXX_FEATURE:1cxx_default_function_template_args
    Feature record: CXX_FEATURE:1cxx_defaulted_functions
    Feature record: CXX_FEATURE:1cxx_defaulted_move_initializers
    Feature record: CXX_FEATURE:1cxx_delegating_constructors
    Feature record: CXX_FEATURE:1cxx_deleted_functions
    Feature record: CXX_FEATURE:0cxx_digit_separators
    Feature record: CXX_FEATURE:1cxx_enum_forward_declarations
    Feature record: CXX_FEATURE:1cxx_explicit_conversions
    Feature record: CXX_FEATURE:1cxx_extended_friend_declarations
    Feature record: CXX_FEATURE:1cxx_extern_templates
    Feature record: CXX_FEATURE:1cxx_final
    Feature record: CXX_FEATURE:1cxx_func_identifier
    Feature record: CXX_FEATURE:1cxx_generalized_initializers
    Feature record: CXX_FEATURE:0cxx_generic_lambdas
    Feature record: CXX_FEATURE:1cxx_inheriting_constructors
    Feature record: CXX_FEATURE:1cxx_inline_namespaces
    Feature record: CXX_FEATURE:1cxx_lambdas
    Feature record: CXX_FEATURE:0cxx_lambda_init_captures
    Feature record: CXX_FEATURE:1cxx_local_type_template_args
    Feature record: CXX_FEATURE:1cxx_long_long_type
    Feature record: CXX_FEATURE:1cxx_noexcept
    Feature record: CXX_FEATURE:1cxx_nonstatic_member_init
    Feature record: CXX_FEATURE:1cxx_nullptr
    Feature record: CXX_FEATURE:1cxx_override
    Feature record: CXX_FEATURE:1cxx_range_for
    Feature record: CXX_FEATURE:1cxx_raw_string_literals
    Feature record: CXX_FEATURE:1cxx_reference_qualified_functions
    Feature record: CXX_FEATURE:0cxx_relaxed_constexpr
    Feature record: CXX_FEATURE:0cxx_return_type_deduction
    Feature record: CXX_FEATURE:1cxx_right_angle_brackets
    Feature record: CXX_FEATURE:1cxx_rvalue_references
    Feature record: CXX_FEATURE:1cxx_sizeof_member
    Feature record: CXX_FEATURE:1cxx_static_assert
    Feature record: CXX_FEATURE:1cxx_strong_enums
    Feature record: CXX_FEATURE:1cxx_template_template_parameters
    Feature record: CXX_FEATURE:1cxx_thread_local
    Feature record: CXX_FEATURE:1cxx_trailing_return_types
    Feature record: CXX_FEATURE:1cxx_unicode_literals
    Feature record: CXX_FEATURE:1cxx_uniform_initialization
    Feature record: CXX_FEATURE:1cxx_unrestricted_unions
    Feature record: CXX_FEATURE:1cxx_user_literals
    Feature record: CXX_FEATURE:0cxx_variable_templates
    Feature record: CXX_FEATURE:1cxx_variadic_macros
    Feature record: CXX_FEATURE:1cxx_variadic_templates


Detecting CXX [-std=c++98] compiler features compiled with the following output:
Change Dir: /Users/Arthur18/Documents/UGR-GII/4toCurso/TFG-AdvancedMetaheuristicsForBigOpt/UGR-GII-TFG/Algorithms-ELSGO/MOS_CEC2013/src/problems/soco2010/CMakeFiles/CMakeTmp

Run Build Command:"/usr/bin/make" "cmTC_81550/fast"
/Library/Developer/CommandLineTools/usr/bin/make -f CMakeFiles/cmTC_81550.dir/build.make CMakeFiles/cmTC_81550.dir/build
Building CXX object CMakeFiles/cmTC_81550.dir/feature_tests.cxx.o
/Library/Developer/CommandLineTools/usr/bin/c++     -std=c++98 -o CMakeFiles/cmTC_81550.dir/feature_tests.cxx.o -c /Users/Arthur18/Documents/UGR-GII/4toCurso/TFG-AdvancedMetaheuristicsForBigOpt/UGR-GII-TFG/Algorithms-ELSGO/MOS_CEC2013/src/problems/soco2010/CMakeFiles/feature_tests.cxx
Linking CXX executable cmTC_81550
/opt/local/bin/cmake -E cmake_link_script CMakeFiles/cmTC_81550.dir/link.txt --verbose=1
/Library/Developer/CommandLineTools/usr/bin/c++     -Wl,-search_paths_first -Wl,-headerpad_max_install_names   CMakeFiles/cmTC_81550.dir/feature_tests.cxx.o  -o cmTC_81550  


    Feature record: CXX_FEATURE:0cxx_aggregate_default_initializers
    Feature record: CXX_FEATURE:0cxx_alias_templates
    Feature record: CXX_FEATURE:0cxx_alignas
    Feature record: CXX_FEATURE:0cxx_alignof
    Feature record: CXX_FEATURE:0cxx_attributes
    Feature record: CXX_FEATURE:0cxx_attribute_deprecated
    Feature record: CXX_FEATURE:0cxx_auto_type
    Feature record: CXX_FEATURE:0cxx_binary_literals
    Feature record: CXX_FEATURE:0cxx_constexpr
    Feature record: CXX_FEATURE:0cxx_contextual_conversions
    Feature record: CXX_FEATURE:0cxx_decltype
    Feature record: CXX_FEATURE:0cxx_decltype_auto
    Feature record: CXX_FEATURE:0cxx_decltype_incomplete_return_types
    Feature record: CXX_FEATURE:0cxx_default_function_template_args
    Feature record: CXX_FEATURE:0cxx_defaulted_functions
    Feature record: CXX_FEATURE:0cxx_defaulted_move_initializers
    Feature record: CXX_FEATURE:0cxx_delegating_constructors
    Feature record: CXX_FEATURE:0cxx_deleted_functions
    Feature record: CXX_FEATURE:0cxx_digit_separators
    Feature record: CXX_FEATURE:0cxx_enum_forward_declarations
    Feature record: CXX_FEATURE:0cxx_explicit_conversions
    Feature record: CXX_FEATURE:0cxx_extended_friend_declarations
    Feature record: CXX_FEATURE:0cxx_extern_templates
    Feature record: CXX_FEATURE:0cxx_final
    Feature record: CXX_FEATURE:0cxx_func_identifier
    Feature record: CXX_FEATURE:0cxx_generalized_initializers
    Feature record: CXX_FEATURE:0cxx_generic_lambdas
    Feature record: CXX_FEATURE:0cxx_inheriting_constructors
    Feature record: CXX_FEATURE:0cxx_inline_namespaces
    Feature record: CXX_FEATURE:0cxx_lambdas
    Feature record: CXX_FEATURE:0cxx_lambda_init_captures
    Feature record: CXX_FEATURE:0cxx_local_type_template_args
    Feature record: CXX_FEATURE:0cxx_long_long_type
    Feature record: CXX_FEATURE:0cxx_noexcept
    Feature record: CXX_FEATURE:0cxx_nonstatic_member_init
    Feature record: CXX_FEATURE:0cxx_nullptr
    Feature record: CXX_FEATURE:0cxx_override
    Feature record: CXX_FEATURE:0cxx_range_for
    Feature record: CXX_FEATURE:0cxx_raw_string_literals
    Feature record: CXX_FEATURE:0cxx_reference_qualified_functions
    Feature record: CXX_FEATURE:0cxx_relaxed_constexpr
    Feature record: CXX_FEATURE:0cxx_return_type_deduction
    Feature record: CXX_FEATURE:0cxx_right_angle_brackets
    Feature record: CXX_FEATURE:0cxx_rvalue_references
    Feature record: CXX_FEATURE:0cxx_sizeof_member
    Feature record: CXX_FEATURE:0cxx_static_assert
    Feature record: CXX_FEATURE:0cxx_strong_enums
    Feature record: CXX_FEATURE:1cxx_template_template_parameters
    Feature record: CXX_FEATURE:0cxx_thread_local
    Feature record: CXX_FEATURE:0cxx_trailing_return_types
    Feature record: CXX_FEATURE:0cxx_unicode_literals
    Feature record: CXX_FEATURE:0cxx_uniform_initialization
    Feature record: CXX_FEATURE:0cxx_unrestricted_unions
    Feature record: CXX_FEATURE:0cxx_user_literals
    Feature record: CXX_FEATURE:0cxx_variable_templates
    Feature record: CXX_FEATURE:0cxx_variadic_macros
    Feature record: CXX_FEATURE:0cxx_variadic_templates
