This is pdfTeX, Version 3.14159265-2.6-1.40.16 (TeX Live 2015) (preloaded format=pdflatex 2016.1.28)  17 JUL 2018 13:08
entering extended mode
 restricted \write18 enabled.
 %&-line parsing enabled.
**proyecto.tex
(./proyecto.tex
LaTeX2e <2015/01/01>
Babel <3.9l> and hyphenation patterns for 79 languages loaded.
(/usr/local/texlive/2015/texmf-dist/tex/latex/base/book.cls
Document Class: book 2014/09/29 v1.4h Standard LaTeX document class
(/usr/local/texlive/2015/texmf-dist/tex/latex/base/bk11.clo
File: bk11.clo 2014/09/29 v1.4h Standard LaTeX file (size option)
)
\c@part=\count79
\c@chapter=\count80
\c@section=\count81
\c@subsection=\count82
\c@subsubsection=\count83
\c@paragraph=\count84
\c@subparagraph=\count85
\c@figure=\count86
\c@table=\count87
\abovecaptionskip=\skip41
\belowcaptionskip=\skip42
\bibindent=\dimen102
)
(/usr/local/texlive/2015/texmf-dist/tex/latex/listings/listings.sty
(/usr/local/texlive/2015/texmf-dist/tex/latex/graphics/keyval.sty
Package: keyval 2014/10/28 v1.15 key=value parser (DPC)
\KV@toks@=\toks14
)
\lst@mode=\count88
\lst@gtempboxa=\box26
\lst@token=\toks15
\lst@length=\count89
\lst@currlwidth=\dimen103
\lst@column=\count90
\lst@pos=\count91
\lst@lostspace=\dimen104
\lst@width=\dimen105
\lst@newlines=\count92
\lst@lineno=\count93
\lst@maxwidth=\dimen106

(/usr/local/texlive/2015/texmf-dist/tex/latex/listings/lstmisc.sty
File: lstmisc.sty 2014/09/06 1.5e (Carsten Heinz)
\c@lstnumber=\count94
\lst@skipnumbers=\count95
\lst@framebox=\box27
)
(/usr/local/texlive/2015/texmf-dist/tex/latex/listings/listings.cfg
File: listings.cfg 2014/09/06 1.5e listings configuration
))
Package: listings 2014/09/06 1.5e (Carsten Heinz)

(/usr/local/texlive/2015/texmf-dist/tex/latex/base/inputenc.sty
Package: inputenc 2015/03/17 v1.2c Input encoding file
\inpenc@prehook=\toks16
\inpenc@posthook=\toks17

(/usr/local/texlive/2015/texmf-dist/tex/latex/base/utf8.def
File: utf8.def 2014/09/29 v1.1m UTF-8 support for inputenc
Now handling font encoding OML ...
... no UTF-8 mapping file for font encoding OML
Now handling font encoding T1 ...
... processing UTF-8 mapping file for font encoding T1

(/usr/local/texlive/2015/texmf-dist/tex/latex/base/t1enc.dfu
File: t1enc.dfu 2014/09/29 v1.1m UTF-8 support for inputenc
   defining Unicode char U+00A1 (decimal 161)
   defining Unicode char U+00A3 (decimal 163)
   defining Unicode char U+00AB (decimal 171)
   defining Unicode char U+00BB (decimal 187)
   defining Unicode char U+00BF (decimal 191)
   defining Unicode char U+00C0 (decimal 192)
   defining Unicode char U+00C1 (decimal 193)
   defining Unicode char U+00C2 (decimal 194)
   defining Unicode char U+00C3 (decimal 195)
   defining Unicode char U+00C4 (decimal 196)
   defining Unicode char U+00C5 (decimal 197)
   defining Unicode char U+00C6 (decimal 198)
   defining Unicode char U+00C7 (decimal 199)
   defining Unicode char U+00C8 (decimal 200)
   defining Unicode char U+00C9 (decimal 201)
   defining Unicode char U+00CA (decimal 202)
   defining Unicode char U+00CB (decimal 203)
   defining Unicode char U+00CC (decimal 204)
   defining Unicode char U+00CD (decimal 205)
   defining Unicode char U+00CE (decimal 206)
   defining Unicode char U+00CF (decimal 207)
   defining Unicode char U+00D0 (decimal 208)
   defining Unicode char U+00D1 (decimal 209)
   defining Unicode char U+00D2 (decimal 210)
   defining Unicode char U+00D3 (decimal 211)
   defining Unicode char U+00D4 (decimal 212)
   defining Unicode char U+00D5 (decimal 213)
   defining Unicode char U+00D6 (decimal 214)
   defining Unicode char U+00D8 (decimal 216)
   defining Unicode char U+00D9 (decimal 217)
   defining Unicode char U+00DA (decimal 218)
   defining Unicode char U+00DB (decimal 219)
   defining Unicode char U+00DC (decimal 220)
   defining Unicode char U+00DD (decimal 221)
   defining Unicode char U+00DE (decimal 222)
   defining Unicode char U+00DF (decimal 223)
   defining Unicode char U+00E0 (decimal 224)
   defining Unicode char U+00E1 (decimal 225)
   defining Unicode char U+00E2 (decimal 226)
   defining Unicode char U+00E3 (decimal 227)
   defining Unicode char U+00E4 (decimal 228)
   defining Unicode char U+00E5 (decimal 229)
   defining Unicode char U+00E6 (decimal 230)
   defining Unicode char U+00E7 (decimal 231)
   defining Unicode char U+00E8 (decimal 232)
   defining Unicode char U+00E9 (decimal 233)
   defining Unicode char U+00EA (decimal 234)
   defining Unicode char U+00EB (decimal 235)
   defining Unicode char U+00EC (decimal 236)
   defining Unicode char U+00ED (decimal 237)
   defining Unicode char U+00EE (decimal 238)
   defining Unicode char U+00EF (decimal 239)
   defining Unicode char U+00F0 (decimal 240)
   defining Unicode char U+00F1 (decimal 241)
   defining Unicode char U+00F2 (decimal 242)
   defining Unicode char U+00F3 (decimal 243)
   defining Unicode char U+00F4 (decimal 244)
   defining Unicode char U+00F5 (decimal 245)
   defining Unicode char U+00F6 (decimal 246)
   defining Unicode char U+00F8 (decimal 248)
   defining Unicode char U+00F9 (decimal 249)
   defining Unicode char U+00FA (decimal 250)
   defining Unicode char U+00FB (decimal 251)
   defining Unicode char U+00FC (decimal 252)
   defining Unicode char U+00FD (decimal 253)
   defining Unicode char U+00FE (decimal 254)
   defining Unicode char U+00FF (decimal 255)
   defining Unicode char U+0102 (decimal 258)
   defining Unicode char U+0103 (decimal 259)
   defining Unicode char U+0104 (decimal 260)
   defining Unicode char U+0105 (decimal 261)
   defining Unicode char U+0106 (decimal 262)
   defining Unicode char U+0107 (decimal 263)
   defining Unicode char U+010C (decimal 268)
   defining Unicode char U+010D (decimal 269)
   defining Unicode char U+010E (decimal 270)
   defining Unicode char U+010F (decimal 271)
   defining Unicode char U+0110 (decimal 272)
   defining Unicode char U+0111 (decimal 273)
   defining Unicode char U+0118 (decimal 280)
   defining Unicode char U+0119 (decimal 281)
   defining Unicode char U+011A (decimal 282)
   defining Unicode char U+011B (decimal 283)
   defining Unicode char U+011E (decimal 286)
   defining Unicode char U+011F (decimal 287)
   defining Unicode char U+0130 (decimal 304)
   defining Unicode char U+0131 (decimal 305)
   defining Unicode char U+0132 (decimal 306)
   defining Unicode char U+0133 (decimal 307)
   defining Unicode char U+0139 (decimal 313)
   defining Unicode char U+013A (decimal 314)
   defining Unicode char U+013D (decimal 317)
   defining Unicode char U+013E (decimal 318)
   defining Unicode char U+0141 (decimal 321)
   defining Unicode char U+0142 (decimal 322)
   defining Unicode char U+0143 (decimal 323)
   defining Unicode char U+0144 (decimal 324)
   defining Unicode char U+0147 (decimal 327)
   defining Unicode char U+0148 (decimal 328)
   defining Unicode char U+014A (decimal 330)
   defining Unicode char U+014B (decimal 331)
   defining Unicode char U+0150 (decimal 336)
   defining Unicode char U+0151 (decimal 337)
   defining Unicode char U+0152 (decimal 338)
   defining Unicode char U+0153 (decimal 339)
   defining Unicode char U+0154 (decimal 340)
   defining Unicode char U+0155 (decimal 341)
   defining Unicode char U+0158 (decimal 344)
   defining Unicode char U+0159 (decimal 345)
   defining Unicode char U+015A (decimal 346)
   defining Unicode char U+015B (decimal 347)
   defining Unicode char U+015E (decimal 350)
   defining Unicode char U+015F (decimal 351)
   defining Unicode char U+0160 (decimal 352)
   defining Unicode char U+0161 (decimal 353)
   defining Unicode char U+0162 (decimal 354)
   defining Unicode char U+0163 (decimal 355)
   defining Unicode char U+0164 (decimal 356)
   defining Unicode char U+0165 (decimal 357)
   defining Unicode char U+016E (decimal 366)
   defining Unicode char U+016F (decimal 367)
   defining Unicode char U+0170 (decimal 368)
   defining Unicode char U+0171 (decimal 369)
   defining Unicode char U+0178 (decimal 376)
   defining Unicode char U+0179 (decimal 377)
   defining Unicode char U+017A (decimal 378)
   defining Unicode char U+017B (decimal 379)
   defining Unicode char U+017C (decimal 380)
   defining Unicode char U+017D (decimal 381)
   defining Unicode char U+017E (decimal 382)
   defining Unicode char U+200C (decimal 8204)
   defining Unicode char U+2013 (decimal 8211)
   defining Unicode char U+2014 (decimal 8212)
   defining Unicode char U+2018 (decimal 8216)
   defining Unicode char U+2019 (decimal 8217)
   defining Unicode char U+201A (decimal 8218)
   defining Unicode char U+201C (decimal 8220)
   defining Unicode char U+201D (decimal 8221)
   defining Unicode char U+201E (decimal 8222)
   defining Unicode char U+2030 (decimal 8240)
   defining Unicode char U+2031 (decimal 8241)
   defining Unicode char U+2039 (decimal 8249)
   defining Unicode char U+203A (decimal 8250)
   defining Unicode char U+2423 (decimal 9251)
)
Now handling font encoding OT1 ...
... processing UTF-8 mapping file for font encoding OT1

(/usr/local/texlive/2015/texmf-dist/tex/latex/base/ot1enc.dfu
File: ot1enc.dfu 2014/09/29 v1.1m UTF-8 support for inputenc
   defining Unicode char U+00A1 (decimal 161)
   defining Unicode char U+00A3 (decimal 163)
   defining Unicode char U+00B8 (decimal 184)
   defining Unicode char U+00BF (decimal 191)
   defining Unicode char U+00C5 (decimal 197)
   defining Unicode char U+00C6 (decimal 198)
   defining Unicode char U+00D8 (decimal 216)
   defining Unicode char U+00DF (decimal 223)
   defining Unicode char U+00E6 (decimal 230)
   defining Unicode char U+00EC (decimal 236)
   defining Unicode char U+00ED (decimal 237)
   defining Unicode char U+00EE (decimal 238)
   defining Unicode char U+00EF (decimal 239)
   defining Unicode char U+00F8 (decimal 248)
   defining Unicode char U+0131 (decimal 305)
   defining Unicode char U+0141 (decimal 321)
   defining Unicode char U+0142 (decimal 322)
   defining Unicode char U+0152 (decimal 338)
   defining Unicode char U+0153 (decimal 339)
   defining Unicode char U+2013 (decimal 8211)
   defining Unicode char U+2014 (decimal 8212)
   defining Unicode char U+2018 (decimal 8216)
   defining Unicode char U+2019 (decimal 8217)
   defining Unicode char U+201C (decimal 8220)
   defining Unicode char U+201D (decimal 8221)
)
Now handling font encoding OMS ...
... processing UTF-8 mapping file for font encoding OMS

(/usr/local/texlive/2015/texmf-dist/tex/latex/base/omsenc.dfu
File: omsenc.dfu 2014/09/29 v1.1m UTF-8 support for inputenc
   defining Unicode char U+00A7 (decimal 167)
   defining Unicode char U+00B6 (decimal 182)
   defining Unicode char U+00B7 (decimal 183)
   defining Unicode char U+2020 (decimal 8224)
   defining Unicode char U+2021 (decimal 8225)
   defining Unicode char U+2022 (decimal 8226)
)
Now handling font encoding OMX ...
... no UTF-8 mapping file for font encoding OMX
Now handling font encoding U ...
... no UTF-8 mapping file for font encoding U
   defining Unicode char U+00A9 (decimal 169)
   defining Unicode char U+00AA (decimal 170)
   defining Unicode char U+00AE (decimal 174)
   defining Unicode char U+00BA (decimal 186)
   defining Unicode char U+02C6 (decimal 710)
   defining Unicode char U+02DC (decimal 732)
   defining Unicode char U+200C (decimal 8204)
   defining Unicode char U+2026 (decimal 8230)
   defining Unicode char U+2122 (decimal 8482)
   defining Unicode char U+2423 (decimal 9251)
))
(/usr/local/texlive/2015/texmf-dist/tex/generic/babel/babel.sty
Package: babel 2014/09/25 3.9l The Babel package

(/usr/local/texlive/2015/texmf-dist/tex/generic/babel-spanish/spanish.ldf
Language: spanish.ldf 2014/04/24 v5.0n Spanish support from the babel system

(/usr/local/texlive/2015/texmf-dist/tex/generic/babel/babel.def
File: babel.def 2014/09/25 3.9l Babel common definitions
\babel@savecnt=\count96
\U@D=\dimen107
)
\es@quottoks=\toks18
\es@quotdepth=\count97
Package babel Info: Making " an active character on input line 516.
Package babel Info: Making . an active character on input line 617.
Package babel Info: Making < an active character on input line 662.
Package babel Info: Making > an active character on input line 662.
))
(/usr/local/texlive/2015/texmf-dist/tex/latex/tools/dcolumn.sty
Package: dcolumn 2014/10/28 v1.06 decimal alignment package (DPC)

(/usr/local/texlive/2015/texmf-dist/tex/latex/tools/array.sty
Package: array 2014/10/28 v2.4c Tabular extension package (FMi)
\col@sep=\dimen108
\extrarowheight=\dimen109
\NC@list=\toks19
\extratabsurround=\skip43
\backup@length=\skip44
))
(/usr/local/texlive/2015/texmf-dist/tex/latex/tools/verbatim.sty
Package: verbatim 2014/10/28 v1.5q LaTeX2e package for verbatim enhancements
\every@verbatim=\toks20
\verbatim@line=\toks21
\verbatim@in@stream=\read1
)
(/usr/local/texlive/2015/texmf-dist/tex/latex/fancyhdr/fancyhdr.sty
\fancy@headwidth=\skip45
\f@ncyO@elh=\skip46
\f@ncyO@erh=\skip47
\f@ncyO@olh=\skip48
\f@ncyO@orh=\skip49
\f@ncyO@elf=\skip50
\f@ncyO@erf=\skip51
\f@ncyO@olf=\skip52
\f@ncyO@orf=\skip53
)
(/usr/local/texlive/2015/texmf-dist/tex/latex/graphics/graphicx.sty
Package: graphicx 2014/10/28 v1.0g Enhanced LaTeX Graphics (DPC,SPQR)

(/usr/local/texlive/2015/texmf-dist/tex/latex/graphics/graphics.sty
Package: graphics 2014/10/28 v1.0p Standard LaTeX Graphics (DPC,SPQR)

(/usr/local/texlive/2015/texmf-dist/tex/latex/graphics/trig.sty
Package: trig 1999/03/16 v1.09 sin cos tan (DPC)
)
(/usr/local/texlive/2015/texmf-dist/tex/latex/latexconfig/graphics.cfg
File: graphics.cfg 2010/04/23 v1.9 graphics configuration of TeX Live
)
Package graphics Info: Driver file: pdftex.def on input line 94.

(/usr/local/texlive/2015/texmf-dist/tex/latex/pdftex-def/pdftex.def
File: pdftex.def 2011/05/27 v0.06d Graphics/color for pdfTeX

(/usr/local/texlive/2015/texmf-dist/tex/generic/oberdiek/infwarerr.sty
Package: infwarerr 2010/04/08 v1.3 Providing info/warning/error messages (HO)
)
(/usr/local/texlive/2015/texmf-dist/tex/generic/oberdiek/ltxcmds.sty
Package: ltxcmds 2011/11/09 v1.22 LaTeX kernel commands for general use (HO)
)
\Gread@gobject=\count98
))
\Gin@req@height=\dimen110
\Gin@req@width=\dimen111
)
(/usr/local/texlive/2015/texmf-dist/tex/latex/tools/afterpage.sty
Package: afterpage 2014/10/28 v1.08 After-Page Package (DPC)
\AP@output=\toks22
\AP@partial=\box28
\AP@footins=\box29
)
(/usr/local/texlive/2015/texmf-dist/tex/latex/tools/longtable.sty
Package: longtable 2014/10/28 v4.11 Multi-page Table package (DPC)
\LTleft=\skip54
\LTright=\skip55
\LTpre=\skip56
\LTpost=\skip57
\LTchunksize=\count99
\LTcapwidth=\dimen112
\LT@head=\box30
\LT@firsthead=\box31
\LT@foot=\box32
\LT@lastfoot=\box33
\LT@cols=\count100
\LT@rows=\count101
\c@LT@tables=\count102
\c@LT@chunks=\count103
\LT@p@ftn=\toks23
)
(/usr/local/texlive/2015/texmf-dist/tex/latex/hyperref/hyperref.sty
Package: hyperref 2012/11/06 v6.83m Hypertext links for LaTeX

(/usr/local/texlive/2015/texmf-dist/tex/generic/oberdiek/hobsub-hyperref.sty
Package: hobsub-hyperref 2012/05/28 v1.13 Bundle oberdiek, subset hyperref (HO)


(/usr/local/texlive/2015/texmf-dist/tex/generic/oberdiek/hobsub-generic.sty
Package: hobsub-generic 2012/05/28 v1.13 Bundle oberdiek, subset generic (HO)
Package: hobsub 2012/05/28 v1.13 Construct package bundles (HO)
Package hobsub Info: Skipping package `infwarerr' (already loaded).
Package hobsub Info: Skipping package `ltxcmds' (already loaded).
Package: ifluatex 2010/03/01 v1.3 Provides the ifluatex switch (HO)
Package ifluatex Info: LuaTeX not detected.
Package: ifvtex 2010/03/01 v1.5 Detect VTeX and its facilities (HO)
Package ifvtex Info: VTeX not detected.
Package: intcalc 2007/09/27 v1.1 Expandable calculations with integers (HO)
Package: ifpdf 2011/01/30 v2.3 Provides the ifpdf switch (HO)
Package ifpdf Info: pdfTeX in PDF mode is detected.
Package: etexcmds 2011/02/16 v1.5 Avoid name clashes with e-TeX commands (HO)
Package etexcmds Info: Could not find \expanded.
(etexcmds)             That can mean that you are not using pdfTeX 1.50 or
(etexcmds)             that some package has redefined \expanded.
(etexcmds)             In the latter case, load this package earlier.
Package: kvsetkeys 2012/04/25 v1.16 Key value parser (HO)
Package: kvdefinekeys 2011/04/07 v1.3 Define keys (HO)
Package: pdftexcmds 2011/11/29 v0.20 Utility functions of pdfTeX for LuaTeX (HO
)
Package pdftexcmds Info: LuaTeX not detected.
Package pdftexcmds Info: \pdf@primitive is available.
Package pdftexcmds Info: \pdf@ifprimitive is available.
Package pdftexcmds Info: \pdfdraftmode found.
Package: pdfescape 2011/11/25 v1.13 Implements pdfTeX's escape features (HO)
Package: bigintcalc 2012/04/08 v1.3 Expandable calculations on big integers (HO
)
Package: bitset 2011/01/30 v1.1 Handle bit-vector datatype (HO)
Package: uniquecounter 2011/01/30 v1.2 Provide unlimited unique counter (HO)
)
Package hobsub Info: Skipping package `hobsub' (already loaded).
Package: letltxmacro 2010/09/02 v1.4 Let assignment for LaTeX macros (HO)
Package: hopatch 2012/05/28 v1.2 Wrapper for package hooks (HO)
Package: xcolor-patch 2011/01/30 xcolor patch
Package: atveryend 2011/06/30 v1.8 Hooks at the very end of document (HO)
Package atveryend Info: \AP@enddocument detected (standard20110627).
Package: atbegshi 2011/10/05 v1.16 At begin shipout hook (HO)
Package: refcount 2011/10/16 v3.4 Data extraction from label references (HO)
Package: hycolor 2011/01/30 v1.7 Color options for hyperref/bookmark (HO)
)
(/usr/local/texlive/2015/texmf-dist/tex/generic/ifxetex/ifxetex.sty
Package: ifxetex 2010/09/12 v0.6 Provides ifxetex conditional
)
(/usr/local/texlive/2015/texmf-dist/tex/latex/oberdiek/auxhook.sty
Package: auxhook 2011/03/04 v1.3 Hooks for auxiliary files (HO)
)
(/usr/local/texlive/2015/texmf-dist/tex/latex/oberdiek/kvoptions.sty
Package: kvoptions 2011/06/30 v3.11 Key value format for package options (HO)
)
\@linkdim=\dimen113
\Hy@linkcounter=\count104
\Hy@pagecounter=\count105

(/usr/local/texlive/2015/texmf-dist/tex/latex/hyperref/pd1enc.def
File: pd1enc.def 2012/11/06 v6.83m Hyperref: PDFDocEncoding definition (HO)
Now handling font encoding PD1 ...
... no UTF-8 mapping file for font encoding PD1
)
\Hy@SavedSpaceFactor=\count106

(/usr/local/texlive/2015/texmf-dist/tex/latex/latexconfig/hyperref.cfg
File: hyperref.cfg 2002/06/06 v1.2 hyperref configuration of TeXLive
)

Package hyperref Warning: Invalid value `000'
(hyperref)                for option `pdfborder'.
(hyperref)                Option setting is ignored on input line 4319.

Package hyperref Info: Hyper figures OFF on input line 4443.
Package hyperref Info: Link nesting OFF on input line 4448.
Package hyperref Info: Hyper index ON on input line 4451.
Package hyperref Info: Plain pages OFF on input line 4458.
Package hyperref Info: Backreferencing OFF on input line 4463.
Package hyperref Info: Implicit mode ON; LaTeX internals redefined.
Package hyperref Info: Bookmarks ON on input line 4688.
\c@Hy@tempcnt=\count107
(/usr/local/texlive/2015/texmf-dist/tex/latex/url/url.sty
\Urlmuskip=\muskip10
Package: url 2013/09/16  ver 3.4  Verb mode for urls, etc.
)
LaTeX Info: Redefining \url on input line 5041.
\XeTeXLinkMargin=\dimen114
\Fld@menulength=\count108
\Field@Width=\dimen115
\Fld@charsize=\dimen116
Package hyperref Info: Hyper figures OFF on input line 6295.
Package hyperref Info: Link nesting OFF on input line 6300.
Package hyperref Info: Hyper index ON on input line 6303.
Package hyperref Info: backreferencing OFF on input line 6310.
Package hyperref Info: Link coloring OFF on input line 6315.
Package hyperref Info: Link coloring with OCG OFF on input line 6320.
Package hyperref Info: PDF/A mode OFF on input line 6325.
LaTeX Info: Redefining \ref on input line 6365.
LaTeX Info: Redefining \pageref on input line 6369.
\Hy@abspage=\count109
\c@Item=\count110
\c@Hfootnote=\count111
)

Package hyperref Message: Driver (autodetected): hpdftex.

(/usr/local/texlive/2015/texmf-dist/tex/latex/hyperref/hpdftex.def
File: hpdftex.def 2012/11/06 v6.83m Hyperref driver for pdfTeX
\Fld@listcount=\count112
\c@bookmark@seq@number=\count113

(/usr/local/texlive/2015/texmf-dist/tex/latex/oberdiek/rerunfilecheck.sty
Package: rerunfilecheck 2011/04/15 v1.7 Rerun checks for auxiliary files (HO)
Package uniquecounter Info: New unique counter `rerunfilecheck' on input line 2
82.
)
\Hy@SectionHShift=\skip58
)

Package hyperref Warning: Token not allowed in a PDF string (PDFDocEncoding):
(hyperref)                removing `subscript' on input line 56.


Package hyperref Warning: Token not allowed in a PDF string (PDFDocEncoding):
(hyperref)                removing `subscript' on input line 56.


Package hyperref Warning: Token not allowed in a PDF string (PDFDocEncoding):
(hyperref)                removing `subscript' on input line 56.

(/usr/local/texlive/2015/texmf-dist/tex/latex/colortbl/colortbl.sty
Package: colortbl 2012/02/13 v1.0a Color table columns (DPC)

(/usr/local/texlive/2015/texmf-dist/tex/latex/graphics/color.sty
Package: color 2014/10/28 v1.1a Standard LaTeX Color (DPC)

(/usr/local/texlive/2015/texmf-dist/tex/latex/latexconfig/color.cfg
File: color.cfg 2007/01/18 v1.5 color configuration of teTeX/TeXLive
)
Package color Info: Driver file: pdftex.def on input line 142.
)
\everycr=\toks24
\minrowclearance=\skip59
)
(/usr/local/texlive/2015/texmf-dist/tex/latex/footmisc/footmisc.sty
Package: footmisc 2011/06/06 v5.5b a miscellany of footnote facilities
\FN@temptoken=\toks25
\footnotemargin=\dimen117
\c@pp@next@reset=\count114
Package footmisc Info: Declaring symbol style bringhurst on input line 855.
Package footmisc Info: Declaring symbol style chicago on input line 863.
Package footmisc Info: Declaring symbol style wiley on input line 872.
Package footmisc Info: Declaring symbol style lamport-robust on input line 883.

Package footmisc Info: Declaring symbol style lamport* on input line 903.
Package footmisc Info: Declaring symbol style lamport*-robust on input line 924
.
)
\c@teorema=\count115
\c@ejemplo=\count116
\c@definicion=\count117

(/usr/local/texlive/2015/texmf-dist/tex/latex/pdfpages/pdfpages.sty
Package: pdfpages 2015/05/11 v0.4x Insert pages of external PDF documents (AM)

(/usr/local/texlive/2015/texmf-dist/tex/latex/base/ifthen.sty
Package: ifthen 2014/09/29 v1.1c Standard LaTeX ifthen package (DPC)
)
(/usr/local/texlive/2015/texmf-dist/tex/latex/tools/calc.sty
Package: calc 2014/10/28 v4.3 Infix arithmetic (KKT,FJ)
\calc@Acount=\count118
\calc@Bcount=\count119
\calc@Adimen=\dimen118
\calc@Bdimen=\dimen119
\calc@Askip=\skip60
\calc@Bskip=\skip61
LaTeX Info: Redefining \setlength on input line 80.
LaTeX Info: Redefining \addtolength on input line 81.
\calc@Ccount=\count120
\calc@Cskip=\skip62
)
(/usr/local/texlive/2015/texmf-dist/tex/latex/eso-pic/eso-pic.sty
Package: eso-pic 2015/04/20 v2.0e eso-pic (RN)
)
\AM@pagewidth=\dimen120
\AM@pageheight=\dimen121

(/usr/local/texlive/2015/texmf-dist/tex/latex/pdfpages/pppdftex.def
File: pppdftex.def 2015/05/11 v0.4x Pdfpages driver for pdfTeX (AM)
)
\AM@pagebox=\box34
\AM@toc@title=\toks26
\c@AM@survey=\count121
\AM@templatesizebox=\box35
)
(./proyecto.aux
LaTeX Info: Redefining \. on input line 23.
LaTeX Info: Redefining \% on input line 23.
)
\openout1 = `proyecto.aux'.

LaTeX Font Info:    Checking defaults for OML/cmm/m/it on input line 173.
LaTeX Font Info:    ... okay on input line 173.
LaTeX Font Info:    Checking defaults for T1/cmr/m/n on input line 173.
LaTeX Font Info:    ... okay on input line 173.
LaTeX Font Info:    Checking defaults for OT1/cmr/m/n on input line 173.
LaTeX Font Info:    ... okay on input line 173.
LaTeX Font Info:    Checking defaults for OMS/cmsy/m/n on input line 173.
LaTeX Font Info:    ... okay on input line 173.
LaTeX Font Info:    Checking defaults for OMX/cmex/m/n on input line 173.
LaTeX Font Info:    ... okay on input line 173.
LaTeX Font Info:    Checking defaults for U/cmr/m/n on input line 173.
LaTeX Font Info:    ... okay on input line 173.
LaTeX Font Info:    Checking defaults for PD1/pdf/m/n on input line 173.
LaTeX Font Info:    ... okay on input line 173.
\c@lstlisting=\count122
LaTeX Info: Redefining \. on input line 173.
LaTeX Info: Redefining \% on input line 173.

(/usr/local/texlive/2015/texmf-dist/tex/context/base/supp-pdf.mkii
[Loading MPS to PDF converter (version 2006.09.02).]
\scratchcounter=\count123
\scratchdimen=\dimen122
\scratchbox=\box36
\nofMPsegments=\count124
\nofMParguments=\count125
\everyMPshowfont=\toks27
\MPscratchCnt=\count126
\MPscratchDim=\dimen123
\MPnumerator=\count127
\makeMPintoPDFobject=\count128
\everyMPtoPDFconversion=\toks28
) (/usr/local/texlive/2015/texmf-dist/tex/latex/oberdiek/epstopdf-base.sty
Package: epstopdf-base 2010/02/09 v2.5 Base part for package epstopdf

(/usr/local/texlive/2015/texmf-dist/tex/latex/oberdiek/grfext.sty
Package: grfext 2010/08/19 v1.1 Manage graphics extensions (HO)
)
Package grfext Info: Graphics extension search list:
(grfext)             [.png,.pdf,.jpg,.mps,.jpeg,.jbig2,.jb2,.PNG,.PDF,.JPG,.JPE
G,.JBIG2,.JB2,.eps]
(grfext)             \AppendGraphicsExtensions on input line 452.

(/usr/local/texlive/2015/texmf-dist/tex/latex/latexconfig/epstopdf-sys.cfg
File: epstopdf-sys.cfg 2010/07/13 v1.3 Configuration of (r)epstopdf for TeX Liv
e
))
\AtBeginShipoutBox=\box37
Package hyperref Info: Link coloring OFF on input line 173.

(/usr/local/texlive/2015/texmf-dist/tex/latex/hyperref/nameref.sty
Package: nameref 2012/10/27 v2.43 Cross-referencing by name of section

(/usr/local/texlive/2015/texmf-dist/tex/generic/oberdiek/gettitlestring.sty
Package: gettitlestring 2010/12/03 v1.4 Cleanup title references (HO)
)
\c@section@level=\count129
)
LaTeX Info: Redefining \ref on input line 173.
LaTeX Info: Redefining \pageref on input line 173.
LaTeX Info: Redefining \nameref on input line 173.

(./proyecto.out) (./proyecto.out)
\@outlinefile=\write3
\openout3 = `proyecto.out'.

 (./portada/portada.tex
\centeroffset=\skip63

<imagenes/logo_ugr.jpg, id=4, 777.90625pt x 231.86626pt>
File: imagenes/logo_ugr.jpg Graphic file (type jpg)

<use imagenes/logo_ugr.jpg>
Package pdftex.def Info: imagenes/logo_ugr.jpg used on input line 11.
(pdftex.def)             Requested size: 323.9978pt x 96.57295pt.
LaTeX Font Info:    External font `cmex10' loaded for size
(Font)              <10.95> on input line 21.
LaTeX Font Info:    External font `cmex10' loaded for size
(Font)              <8> on input line 21.
LaTeX Font Info:    External font `cmex10' loaded for size
(Font)              <6> on input line 21.

Overfull \hbox (24.0pt too wide) in paragraph at lines 8--22
| $[]$ 
 []

<imagenes/etsiit_logo.png, id=5, 110.814pt x 40.4712pt>
File: imagenes/etsiit_logo.png Graphic file (type png)

<use imagenes/etsiit_logo.png>
Package pdftex.def Info: imagenes/etsiit_logo.png used on input line 29.
(pdftex.def)             Requested size: 108.0011pt x 39.44412pt.

Overfull \hbox (24.0pt too wide) in paragraph at lines 24--36
| $[]$ 
 []

Package babel Info: Redefining spanish shorthand <<
(babel)             in language  on input line 36.
Package babel Info: Redefining spanish shorthand >>
(babel)             in language  on input line 36.
Package babel Info: Redefining spanish shorthand "=
(babel)             in language  on input line 36.
Package babel Info: Redefining spanish shorthand "~
(babel)             in language  on input line 36.
Package babel Info: Redefining spanish shorthand "!
(babel)             in language  on input line 36.
Package babel Info: Redefining spanish shorthand "?
(babel)             in language  on input line 36.
Package babel Info: Redefining spanish shorthand <<
(babel)             in language  on input line 36.
Package babel Info: Redefining spanish shorthand >>
(babel)             in language  on input line 36.
Package babel Info: Redefining spanish shorthand "=
(babel)             in language  on input line 36.
Package babel Info: Redefining spanish shorthand "~
(babel)             in language  on input line 36.
Package babel Info: Redefining spanish shorthand "!
(babel)             in language  on input line 36.
Package babel Info: Redefining spanish shorthand "?
(babel)             in language  on input line 36.
[1


{/usr/local/texlive/2015/texmf-var/fonts/map/pdftex/updmap/pdftex.map} <./image
nes/logo_ugr.jpg> <./imagenes/etsiit_logo.png>]) (./prefacios/prefacio.tex
Package babel Info: Redefining spanish shorthand <<
(babel)             in language  on input line 1.
Package babel Info: Redefining spanish shorthand >>
(babel)             in language  on input line 1.
Package babel Info: Redefining spanish shorthand "=
(babel)             in language  on input line 1.
Package babel Info: Redefining spanish shorthand "~
(babel)             in language  on input line 1.
Package babel Info: Redefining spanish shorthand "!
(babel)             in language  on input line 1.
Package babel Info: Redefining spanish shorthand "?
(babel)             in language  on input line 1.
Package babel Info: Redefining spanish shorthand <<
(babel)             in language  on input line 1.
Package babel Info: Redefining spanish shorthand >>
(babel)             in language  on input line 1.
Package babel Info: Redefining spanish shorthand "=
(babel)             in language  on input line 1.
Package babel Info: Redefining spanish shorthand "~
(babel)             in language  on input line 1.
Package babel Info: Redefining spanish shorthand "!
(babel)             in language  on input line 1.
Package babel Info: Redefining spanish shorthand "?
(babel)             in language  on input line 1.

[2

] (./portada/portada_2.tex
Package babel Info: Redefining spanish shorthand <<
(babel)             in language  on input line 1.
Package babel Info: Redefining spanish shorthand >>
(babel)             in language  on input line 1.
Package babel Info: Redefining spanish shorthand "=
(babel)             in language  on input line 1.
Package babel Info: Redefining spanish shorthand "~
(babel)             in language  on input line 1.
Package babel Info: Redefining spanish shorthand "!
(babel)             in language  on input line 1.
Package babel Info: Redefining spanish shorthand "?
(babel)             in language  on input line 1.
Package babel Info: Redefining spanish shorthand <<
(babel)             in language  on input line 1.
Package babel Info: Redefining spanish shorthand >>
(babel)             in language  on input line 1.
Package babel Info: Redefining spanish shorthand "=
(babel)             in language  on input line 1.
Package babel Info: Redefining spanish shorthand "~
(babel)             in language  on input line 1.
Package babel Info: Redefining spanish shorthand "!
(babel)             in language  on input line 1.
Package babel Info: Redefining spanish shorthand "?
(babel)             in language  on input line 1.
 [3]
Package babel Info: Redefining spanish shorthand <<
(babel)             in language  on input line 1.
Package babel Info: Redefining spanish shorthand >>
(babel)             in language  on input line 1.
Package babel Info: Redefining spanish shorthand "=
(babel)             in language  on input line 1.
Package babel Info: Redefining spanish shorthand "~
(babel)             in language  on input line 1.
Package babel Info: Redefining spanish shorthand "!
(babel)             in language  on input line 1.
Package babel Info: Redefining spanish shorthand "?
(babel)             in language  on input line 1.
Package babel Info: Redefining spanish shorthand <<
(babel)             in language  on input line 1.
Package babel Info: Redefining spanish shorthand >>
(babel)             in language  on input line 1.
Package babel Info: Redefining spanish shorthand "=
(babel)             in language  on input line 1.
Package babel Info: Redefining spanish shorthand "~
(babel)             in language  on input line 1.
Package babel Info: Redefining spanish shorthand "!
(babel)             in language  on input line 1.
Package babel Info: Redefining spanish shorthand "?
(babel)             in language  on input line 1.
 [4

]
File: imagenes/logo_ugr.jpg Graphic file (type jpg)
 <use imagenes/logo_ugr.jpg>
Package pdftex.def Info: imagenes/logo_ugr.jpg used on input line 11.
(pdftex.def)             Requested size: 323.9978pt x 96.57295pt.

Overfull \hbox (24.0pt too wide) in paragraph at lines 8--27
| $[]$ 
 []

<imagenes/decsai.jpg, id=30, 337.0191pt x 119.0046pt>
File: imagenes/decsai.jpg Graphic file (type jpg)

<use imagenes/decsai.jpg>
Package pdftex.def Info: imagenes/decsai.jpg used on input line 35.
(pdftex.def)             Requested size: 143.9978pt x 50.84593pt.

Overfull \hbox (24.0pt too wide) in paragraph at lines 29--42
| $[]$
 []

Package babel Info: Redefining spanish shorthand <<
(babel)             in language  on input line 44.
Package babel Info: Redefining spanish shorthand >>
(babel)             in language  on input line 44.
Package babel Info: Redefining spanish shorthand "=
(babel)             in language  on input line 44.
Package babel Info: Redefining spanish shorthand "~
(babel)             in language  on input line 44.
Package babel Info: Redefining spanish shorthand "!
(babel)             in language  on input line 44.
Package babel Info: Redefining spanish shorthand "?
(babel)             in language  on input line 44.
Package babel Info: Redefining spanish shorthand <<
(babel)             in language  on input line 44.
Package babel Info: Redefining spanish shorthand >>
(babel)             in language  on input line 44.
Package babel Info: Redefining spanish shorthand "=
(babel)             in language  on input line 44.
Package babel Info: Redefining spanish shorthand "~
(babel)             in language  on input line 44.
Package babel Info: Redefining spanish shorthand "!
(babel)             in language  on input line 44.
Package babel Info: Redefining spanish shorthand "?
(babel)             in language  on input line 44.
pdfTeX warning (ext4): destination with the same identifier (name{page.1}) has 
been already used, duplicate ignored
<to be read again> 
                   \relax 
l.44 \end{titlepage}
                     [1 <./imagenes/decsai.jpg>])
Package babel Info: Redefining spanish shorthand <<
(babel)             in language  on input line 11.
Package babel Info: Redefining spanish shorthand >>
(babel)             in language  on input line 11.
Package babel Info: Redefining spanish shorthand "=
(babel)             in language  on input line 11.
Package babel Info: Redefining spanish shorthand "~
(babel)             in language  on input line 11.
Package babel Info: Redefining spanish shorthand "!
(babel)             in language  on input line 11.
Package babel Info: Redefining spanish shorthand "?
(babel)             in language  on input line 11.
Package babel Info: Redefining spanish shorthand <<
(babel)             in language  on input line 11.
Package babel Info: Redefining spanish shorthand >>
(babel)             in language  on input line 11.
Package babel Info: Redefining spanish shorthand "=
(babel)             in language  on input line 11.
Package babel Info: Redefining spanish shorthand "~
(babel)             in language  on input line 11.
Package babel Info: Redefining spanish shorthand "!
(babel)             in language  on input line 11.
Package babel Info: Redefining spanish shorthand "?
(babel)             in language  on input line 11.
pdfTeX warning (ext4): destination with the same identifier (name{page.2}) has 
been already used, duplicate ignored
<to be read again> 
                   \relax 
l.11 \cleardoublepage
                      [2

]
Underfull \hbox (badness 10000) in paragraph at lines 22--23

 []


Underfull \hbox (badness 10000) in paragraph at lines 25--26

 []

Package babel Info: Redefining spanish shorthand <<
(babel)             in language  on input line 28.
Package babel Info: Redefining spanish shorthand >>
(babel)             in language  on input line 28.
Package babel Info: Redefining spanish shorthand "=
(babel)             in language  on input line 28.
Package babel Info: Redefining spanish shorthand "~
(babel)             in language  on input line 28.
Package babel Info: Redefining spanish shorthand "!
(babel)             in language  on input line 28.
Package babel Info: Redefining spanish shorthand "?
(babel)             in language  on input line 28.
Package babel Info: Redefining spanish shorthand <<
(babel)             in language  on input line 28.
Package babel Info: Redefining spanish shorthand >>
(babel)             in language  on input line 28.
Package babel Info: Redefining spanish shorthand "=
(babel)             in language  on input line 28.
Package babel Info: Redefining spanish shorthand "~
(babel)             in language  on input line 28.
Package babel Info: Redefining spanish shorthand "!
(babel)             in language  on input line 28.
Package babel Info: Redefining spanish shorthand "?
(babel)             in language  on input line 28.
pdfTeX warning (ext4): destination with the same identifier (name{page.3}) has 
been already used, duplicate ignored
<to be read again> 
                   \relax 
l.28 \cleardoublepage
                      [3]
Package babel Info: Redefining spanish shorthand <<
(babel)             in language  on input line 28.
Package babel Info: Redefining spanish shorthand >>
(babel)             in language  on input line 28.
Package babel Info: Redefining spanish shorthand "=
(babel)             in language  on input line 28.
Package babel Info: Redefining spanish shorthand "~
(babel)             in language  on input line 28.
Package babel Info: Redefining spanish shorthand "!
(babel)             in language  on input line 28.
Package babel Info: Redefining spanish shorthand "?
(babel)             in language  on input line 28.
Package babel Info: Redefining spanish shorthand <<
(babel)             in language  on input line 28.
Package babel Info: Redefining spanish shorthand >>
(babel)             in language  on input line 28.
Package babel Info: Redefining spanish shorthand "=
(babel)             in language  on input line 28.
Package babel Info: Redefining spanish shorthand "~
(babel)             in language  on input line 28.
Package babel Info: Redefining spanish shorthand "!
(babel)             in language  on input line 28.
Package babel Info: Redefining spanish shorthand "?
(babel)             in language  on input line 28.
pdfTeX warning (ext4): destination with the same identifier (name{page.4}) has 
been already used, duplicate ignored
<to be read again> 
                   \relax 
l.28 \cleardoublepage
                      [4

]
Underfull \hbox (badness 10000) in paragraph at lines 42--43

 []


Underfull \hbox (badness 10000) in paragraph at lines 45--46

 []

Package babel Info: Redefining spanish shorthand <<
(babel)             in language  on input line 49.
Package babel Info: Redefining spanish shorthand >>
(babel)             in language  on input line 49.
Package babel Info: Redefining spanish shorthand "=
(babel)             in language  on input line 49.
Package babel Info: Redefining spanish shorthand "~
(babel)             in language  on input line 49.
Package babel Info: Redefining spanish shorthand "!
(babel)             in language  on input line 49.
Package babel Info: Redefining spanish shorthand "?
(babel)             in language  on input line 49.
Package babel Info: Redefining spanish shorthand <<
(babel)             in language  on input line 49.
Package babel Info: Redefining spanish shorthand >>
(babel)             in language  on input line 49.
Package babel Info: Redefining spanish shorthand "=
(babel)             in language  on input line 49.
Package babel Info: Redefining spanish shorthand "~
(babel)             in language  on input line 49.
Package babel Info: Redefining spanish shorthand "!
(babel)             in language  on input line 49.
Package babel Info: Redefining spanish shorthand "?
(babel)             in language  on input line 49.
[5]
Package babel Info: Redefining spanish shorthand <<
(babel)             in language  on input line 49.
Package babel Info: Redefining spanish shorthand >>
(babel)             in language  on input line 49.
Package babel Info: Redefining spanish shorthand "=
(babel)             in language  on input line 49.
Package babel Info: Redefining spanish shorthand "~
(babel)             in language  on input line 49.
Package babel Info: Redefining spanish shorthand "!
(babel)             in language  on input line 49.
Package babel Info: Redefining spanish shorthand "?
(babel)             in language  on input line 49.
Package babel Info: Redefining spanish shorthand <<
(babel)             in language  on input line 49.
Package babel Info: Redefining spanish shorthand >>
(babel)             in language  on input line 49.
Package babel Info: Redefining spanish shorthand "=
(babel)             in language  on input line 49.
Package babel Info: Redefining spanish shorthand "~
(babel)             in language  on input line 49.
Package babel Info: Redefining spanish shorthand "!
(babel)             in language  on input line 49.
Package babel Info: Redefining spanish shorthand "?
(babel)             in language  on input line 49.
 [6

]
Underfull \hbox (badness 10000) in paragraph at lines 52--53

 []

Package babel Info: Redefining spanish shorthand <<
(babel)             in language  on input line 69.
Package babel Info: Redefining spanish shorthand >>
(babel)             in language  on input line 69.
Package babel Info: Redefining spanish shorthand "=
(babel)             in language  on input line 69.
Package babel Info: Redefining spanish shorthand "~
(babel)             in language  on input line 69.
Package babel Info: Redefining spanish shorthand "!
(babel)             in language  on input line 69.
Package babel Info: Redefining spanish shorthand "?
(babel)             in language  on input line 69.
Package babel Info: Redefining spanish shorthand <<
(babel)             in language  on input line 69.
Package babel Info: Redefining spanish shorthand >>
(babel)             in language  on input line 69.
Package babel Info: Redefining spanish shorthand "=
(babel)             in language  on input line 69.
Package babel Info: Redefining spanish shorthand "~
(babel)             in language  on input line 69.
Package babel Info: Redefining spanish shorthand "!
(babel)             in language  on input line 69.
Package babel Info: Redefining spanish shorthand "?
(babel)             in language  on input line 69.
[7]
Package babel Info: Redefining spanish shorthand <<
(babel)             in language  on input line 69.
Package babel Info: Redefining spanish shorthand >>
(babel)             in language  on input line 69.
Package babel Info: Redefining spanish shorthand "=
(babel)             in language  on input line 69.
Package babel Info: Redefining spanish shorthand "~
(babel)             in language  on input line 69.
Package babel Info: Redefining spanish shorthand "!
(babel)             in language  on input line 69.
Package babel Info: Redefining spanish shorthand "?
(babel)             in language  on input line 69.
Package babel Info: Redefining spanish shorthand <<
(babel)             in language  on input line 69.
Package babel Info: Redefining spanish shorthand >>
(babel)             in language  on input line 69.
Package babel Info: Redefining spanish shorthand "=
(babel)             in language  on input line 69.
Package babel Info: Redefining spanish shorthand "~
(babel)             in language  on input line 69.
Package babel Info: Redefining spanish shorthand "!
(babel)             in language  on input line 69.
Package babel Info: Redefining spanish shorthand "?
(babel)             in language  on input line 69.
 [8

]
Underfull \hbox (badness 10000) in paragraph at lines 72--73

 []

Package babel Info: Redefining spanish shorthand <<
(babel)             in language  on input line 97.
Package babel Info: Redefining spanish shorthand >>
(babel)             in language  on input line 97.
Package babel Info: Redefining spanish shorthand "=
(babel)             in language  on input line 97.
Package babel Info: Redefining spanish shorthand "~
(babel)             in language  on input line 97.
Package babel Info: Redefining spanish shorthand "!
(babel)             in language  on input line 97.
Package babel Info: Redefining spanish shorthand "?
(babel)             in language  on input line 97.
Package babel Info: Redefining spanish shorthand <<
(babel)             in language  on input line 97.
Package babel Info: Redefining spanish shorthand >>
(babel)             in language  on input line 97.
Package babel Info: Redefining spanish shorthand "=
(babel)             in language  on input line 97.
Package babel Info: Redefining spanish shorthand "~
(babel)             in language  on input line 97.
Package babel Info: Redefining spanish shorthand "!
(babel)             in language  on input line 97.
Package babel Info: Redefining spanish shorthand "?
(babel)             in language  on input line 97.
[9]
Package babel Info: Redefining spanish shorthand <<
(babel)             in language  on input line 97.
Package babel Info: Redefining spanish shorthand >>
(babel)             in language  on input line 97.
Package babel Info: Redefining spanish shorthand "=
(babel)             in language  on input line 97.
Package babel Info: Redefining spanish shorthand "~
(babel)             in language  on input line 97.
Package babel Info: Redefining spanish shorthand "!
(babel)             in language  on input line 97.
Package babel Info: Redefining spanish shorthand "?
(babel)             in language  on input line 97.
Package babel Info: Redefining spanish shorthand <<
(babel)             in language  on input line 97.
Package babel Info: Redefining spanish shorthand >>
(babel)             in language  on input line 97.
Package babel Info: Redefining spanish shorthand "=
(babel)             in language  on input line 97.
Package babel Info: Redefining spanish shorthand "~
(babel)             in language  on input line 97.
Package babel Info: Redefining spanish shorthand "!
(babel)             in language  on input line 97.
Package babel Info: Redefining spanish shorthand "?
(babel)             in language  on input line 97.
 [10

])
Package babel Info: Redefining spanish shorthand <<
(babel)             in language  on input line 176.
Package babel Info: Redefining spanish shorthand >>
(babel)             in language  on input line 176.
Package babel Info: Redefining spanish shorthand "=
(babel)             in language  on input line 176.
Package babel Info: Redefining spanish shorthand "~
(babel)             in language  on input line 176.
Package babel Info: Redefining spanish shorthand "!
(babel)             in language  on input line 176.
Package babel Info: Redefining spanish shorthand "?
(babel)             in language  on input line 176.
Package babel Info: Redefining spanish shorthand <<
(babel)             in language  on input line 176.
Package babel Info: Redefining spanish shorthand >>
(babel)             in language  on input line 176.
Package babel Info: Redefining spanish shorthand "=
(babel)             in language  on input line 176.
Package babel Info: Redefining spanish shorthand "~
(babel)             in language  on input line 176.
Package babel Info: Redefining spanish shorthand "!
(babel)             in language  on input line 176.
Package babel Info: Redefining spanish shorthand "?
(babel)             in language  on input line 176.
 [11]
Package babel Info: Redefining spanish shorthand <<
(babel)             in language  on input line 176.
Package babel Info: Redefining spanish shorthand >>
(babel)             in language  on input line 176.
Package babel Info: Redefining spanish shorthand "=
(babel)             in language  on input line 176.
Package babel Info: Redefining spanish shorthand "~
(babel)             in language  on input line 176.
Package babel Info: Redefining spanish shorthand "!
(babel)             in language  on input line 176.
Package babel Info: Redefining spanish shorthand "?
(babel)             in language  on input line 176.
Package babel Info: Redefining spanish shorthand <<
(babel)             in language  on input line 176.
Package babel Info: Redefining spanish shorthand >>
(babel)             in language  on input line 176.
Package babel Info: Redefining spanish shorthand "=
(babel)             in language  on input line 176.
Package babel Info: Redefining spanish shorthand "~
(babel)             in language  on input line 176.
Package babel Info: Redefining spanish shorthand "!
(babel)             in language  on input line 176.
Package babel Info: Redefining spanish shorthand "?
(babel)             in language  on input line 176.
 [12

] (./proyecto.toc
LaTeX Info: Redefining \. on input line 1.
LaTeX Info: Redefining \% on input line 1.
)
\tf@toc=\write4
\openout4 = `proyecto.toc'.

Package babel Info: Redefining spanish shorthand <<
(babel)             in language  on input line 178.
Package babel Info: Redefining spanish shorthand >>
(babel)             in language  on input line 178.
Package babel Info: Redefining spanish shorthand "=
(babel)             in language  on input line 178.
Package babel Info: Redefining spanish shorthand "~
(babel)             in language  on input line 178.
Package babel Info: Redefining spanish shorthand "!
(babel)             in language  on input line 178.
Package babel Info: Redefining spanish shorthand "?
(babel)             in language  on input line 178.
Package babel Info: Redefining spanish shorthand <<
(babel)             in language  on input line 178.
Package babel Info: Redefining spanish shorthand >>
(babel)             in language  on input line 178.
Package babel Info: Redefining spanish shorthand "=
(babel)             in language  on input line 178.
Package babel Info: Redefining spanish shorthand "~
(babel)             in language  on input line 178.
Package babel Info: Redefining spanish shorthand "!
(babel)             in language  on input line 178.
Package babel Info: Redefining spanish shorthand "?
(babel)             in language  on input line 178.
 [1

]
Package babel Info: Redefining spanish shorthand <<
(babel)             in language  on input line 178.
Package babel Info: Redefining spanish shorthand >>
(babel)             in language  on input line 178.
Package babel Info: Redefining spanish shorthand "=
(babel)             in language  on input line 178.
Package babel Info: Redefining spanish shorthand "~
(babel)             in language  on input line 178.
Package babel Info: Redefining spanish shorthand "!
(babel)             in language  on input line 178.
Package babel Info: Redefining spanish shorthand "?
(babel)             in language  on input line 178.
Package babel Info: Redefining spanish shorthand <<
(babel)             in language  on input line 178.
Package babel Info: Redefining spanish shorthand >>
(babel)             in language  on input line 178.
Package babel Info: Redefining spanish shorthand "=
(babel)             in language  on input line 178.
Package babel Info: Redefining spanish shorthand "~
(babel)             in language  on input line 178.
Package babel Info: Redefining spanish shorthand "!
(babel)             in language  on input line 178.
Package babel Info: Redefining spanish shorthand "?
(babel)             in language  on input line 178.
 [2

] (./proyecto.lof
LaTeX Info: Redefining \. on input line 1.
LaTeX Info: Redefining \% on input line 1.
)
\tf@lof=\write5
\openout5 = `proyecto.lof'.

Package babel Info: Redefining spanish shorthand <<
(babel)             in language  on input line 179.
Package babel Info: Redefining spanish shorthand >>
(babel)             in language  on input line 179.
Package babel Info: Redefining spanish shorthand "=
(babel)             in language  on input line 179.
Package babel Info: Redefining spanish shorthand "~
(babel)             in language  on input line 179.
Package babel Info: Redefining spanish shorthand "!
(babel)             in language  on input line 179.
Package babel Info: Redefining spanish shorthand "?
(babel)             in language  on input line 179.
Package babel Info: Redefining spanish shorthand <<
(babel)             in language  on input line 179.
Package babel Info: Redefining spanish shorthand >>
(babel)             in language  on input line 179.
Package babel Info: Redefining spanish shorthand "=
(babel)             in language  on input line 179.
Package babel Info: Redefining spanish shorthand "~
(babel)             in language  on input line 179.
Package babel Info: Redefining spanish shorthand "!
(babel)             in language  on input line 179.
Package babel Info: Redefining spanish shorthand "?
(babel)             in language  on input line 179.
 [3]
Package babel Info: Redefining spanish shorthand <<
(babel)             in language  on input line 179.
Package babel Info: Redefining spanish shorthand >>
(babel)             in language  on input line 179.
Package babel Info: Redefining spanish shorthand "=
(babel)             in language  on input line 179.
Package babel Info: Redefining spanish shorthand "~
(babel)             in language  on input line 179.
Package babel Info: Redefining spanish shorthand "!
(babel)             in language  on input line 179.
Package babel Info: Redefining spanish shorthand "?
(babel)             in language  on input line 179.
Package babel Info: Redefining spanish shorthand <<
(babel)             in language  on input line 179.
Package babel Info: Redefining spanish shorthand >>
(babel)             in language  on input line 179.
Package babel Info: Redefining spanish shorthand "=
(babel)             in language  on input line 179.
Package babel Info: Redefining spanish shorthand "~
(babel)             in language  on input line 179.
Package babel Info: Redefining spanish shorthand "!
(babel)             in language  on input line 179.
Package babel Info: Redefining spanish shorthand "?
(babel)             in language  on input line 179.
 [4

]
(./proyecto.lot
LaTeX Info: Redefining \. on input line 1.
LaTeX Info: Redefining \% on input line 1.
)
\tf@lot=\write6
\openout6 = `proyecto.lot'.

Package babel Info: Redefining spanish shorthand <<
(babel)             in language  on input line 181.
Package babel Info: Redefining spanish shorthand >>
(babel)             in language  on input line 181.
Package babel Info: Redefining spanish shorthand "=
(babel)             in language  on input line 181.
Package babel Info: Redefining spanish shorthand "~
(babel)             in language  on input line 181.
Package babel Info: Redefining spanish shorthand "!
(babel)             in language  on input line 181.
Package babel Info: Redefining spanish shorthand "?
(babel)             in language  on input line 181.
Package babel Info: Redefining spanish shorthand <<
(babel)             in language  on input line 181.
Package babel Info: Redefining spanish shorthand >>
(babel)             in language  on input line 181.
Package babel Info: Redefining spanish shorthand "=
(babel)             in language  on input line 181.
Package babel Info: Redefining spanish shorthand "~
(babel)             in language  on input line 181.
Package babel Info: Redefining spanish shorthand "!
(babel)             in language  on input line 181.
Package babel Info: Redefining spanish shorthand "?
(babel)             in language  on input line 181.
 [5]
Package babel Info: Redefining spanish shorthand <<
(babel)             in language  on input line 181.
Package babel Info: Redefining spanish shorthand >>
(babel)             in language  on input line 181.
Package babel Info: Redefining spanish shorthand "=
(babel)             in language  on input line 181.
Package babel Info: Redefining spanish shorthand "~
(babel)             in language  on input line 181.
Package babel Info: Redefining spanish shorthand "!
(babel)             in language  on input line 181.
Package babel Info: Redefining spanish shorthand "?
(babel)             in language  on input line 181.
Package babel Info: Redefining spanish shorthand <<
(babel)             in language  on input line 181.
Package babel Info: Redefining spanish shorthand >>
(babel)             in language  on input line 181.
Package babel Info: Redefining spanish shorthand "=
(babel)             in language  on input line 181.
Package babel Info: Redefining spanish shorthand "~
(babel)             in language  on input line 181.
Package babel Info: Redefining spanish shorthand "!
(babel)             in language  on input line 181.
Package babel Info: Redefining spanish shorthand "?
(babel)             in language  on input line 181.
 [6

] (./capitulos/Introduccion.tex
Overfull \hbox (6.43738pt too wide) in paragraph at lines 2--3
[]\OT1/cmr/m/n/10.95 Este Tra-ba-jo de Fin de Gra-do, ti-tu-la-do \OT1/cmr/bx/i
t/10.95 Com-pa-ra-ci^^Son de me-taheur^^S^^Psti-
 []

Package babel Info: Redefining spanish shorthand <<
(babel)             in language  on input line 3.
Package babel Info: Redefining spanish shorthand >>
(babel)             in language  on input line 3.
Package babel Info: Redefining spanish shorthand "=
(babel)             in language  on input line 3.
Package babel Info: Redefining spanish shorthand "~
(babel)             in language  on input line 3.
Package babel Info: Redefining spanish shorthand "!
(babel)             in language  on input line 3.
Package babel Info: Redefining spanish shorthand "?
(babel)             in language  on input line 3.
Package babel Info: Redefining spanish shorthand <<
(babel)             in language  on input line 3.
Package babel Info: Redefining spanish shorthand >>
(babel)             in language  on input line 3.
Package babel Info: Redefining spanish shorthand "=
(babel)             in language  on input line 3.
Package babel Info: Redefining spanish shorthand "~
(babel)             in language  on input line 3.
Package babel Info: Redefining spanish shorthand "!
(babel)             in language  on input line 3.
Package babel Info: Redefining spanish shorthand "?
(babel)             in language  on input line 3.
pdfTeX warning (ext4): destination with the same identifier (name{page.1}) has 
been already used, duplicate ignored
<to be read again> 
                   \relax 
l.3 \newpage
             [1

])
Package babel Info: Redefining spanish shorthand <<
(babel)             in language  on input line 214.
Package babel Info: Redefining spanish shorthand >>
(babel)             in language  on input line 214.
Package babel Info: Redefining spanish shorthand "=
(babel)             in language  on input line 214.
Package babel Info: Redefining spanish shorthand "~
(babel)             in language  on input line 214.
Package babel Info: Redefining spanish shorthand "!
(babel)             in language  on input line 214.
Package babel Info: Redefining spanish shorthand "?
(babel)             in language  on input line 214.
Package babel Info: Redefining spanish shorthand <<
(babel)             in language  on input line 214.
Package babel Info: Redefining spanish shorthand >>
(babel)             in language  on input line 214.
Package babel Info: Redefining spanish shorthand "=
(babel)             in language  on input line 214.
Package babel Info: Redefining spanish shorthand "~
(babel)             in language  on input line 214.
Package babel Info: Redefining spanish shorthand "!
(babel)             in language  on input line 214.
Package babel Info: Redefining spanish shorthand "?
(babel)             in language  on input line 214.
pdfTeX warning (ext4): destination with the same identifier (name{page.2}) has 
been already used, duplicate ignored
<to be read again> 
                   \relax 
l.214 \chapter
              *{} [2

]
Package atveryend Info: Empty hook `BeforeClearDocument' on input line 217.
Package babel Info: Redefining spanish shorthand <<
(babel)             in language  on input line 217.
Package babel Info: Redefining spanish shorthand >>
(babel)             in language  on input line 217.
Package babel Info: Redefining spanish shorthand "=
(babel)             in language  on input line 217.
Package babel Info: Redefining spanish shorthand "~
(babel)             in language  on input line 217.
Package babel Info: Redefining spanish shorthand "!
(babel)             in language  on input line 217.
Package babel Info: Redefining spanish shorthand "?
(babel)             in language  on input line 217.
Package babel Info: Redefining spanish shorthand <<
(babel)             in language  on input line 217.
Package babel Info: Redefining spanish shorthand >>
(babel)             in language  on input line 217.
Package babel Info: Redefining spanish shorthand "=
(babel)             in language  on input line 217.
Package babel Info: Redefining spanish shorthand "~
(babel)             in language  on input line 217.
Package babel Info: Redefining spanish shorthand "!
(babel)             in language  on input line 217.
Package babel Info: Redefining spanish shorthand "?
(babel)             in language  on input line 217.
pdfTeX warning (ext4): destination with the same identifier (name{page.3}) has 
been already used, duplicate ignored
<to be read again> 
                   \relax 
l.217 \end{document}
                     [3]
Package atveryend Info: Empty hook `AfterLastShipout' on input line 217.
 (./proyecto.aux
LaTeX Info: Redefining \. on input line 23.
LaTeX Info: Redefining \% on input line 23.
)
Package atveryend Info: Executing hook `AtVeryEndDocument' on input line 217.
Package atveryend Info: Executing hook `AtEndAfterFileList' on input line 217.
Package rerunfilecheck Info: File `proyecto.out' has not changed.
(rerunfilecheck)             Checksum: D41D8CD98F00B204E9800998ECF8427E;0.
Package atveryend Info: Empty hook `AtVeryVeryEnd' on input line 217.
 ) 
Here is how much of TeX's memory you used:
 8693 strings out of 493089
 125639 string characters out of 6134842
 224307 words of memory out of 5000000
 12017 multiletter control sequences out of 15000+600000
 9205 words of font info for 32 fonts, out of 8000000 for 9000
 1141 hyphenation exceptions out of 8191
 34i,6n,43p,242b,384s stack positions out of 5000i,500n,10000p,200000b,80000s
</usr/local/texlive/2015/texmf-dist/fonts/type1/public/amsfonts/cm/cmbx10.pfb
></usr/local/texlive/2015/texmf-dist/fonts/type1/public/amsfonts/cm/cmbx12.pfb>
</usr/local/texlive/2015/texmf-dist/fonts/type1/public/amsfonts/cm/cmbxti10.pfb
></usr/local/texlive/2015/texmf-dist/fonts/type1/public/amsfonts/cm/cmcsc10.pfb
></usr/local/texlive/2015/texmf-dist/fonts/type1/public/amsfonts/cm/cmr10.pfb>
Output written on proyecto.pdf (25 pages, 282516 bytes).
PDF statistics:
 147 PDF objects out of 1000 (max. 8388607)
 109 compressed objects within 2 object streams
 28 named destinations out of 1000 (max. 500000)
 16 words of extra memory for PDF output out of 10000 (max. 10000000)

